#
# There is insufficient memory for the Java Runtime Environment to continue.
# Native memory allocation (malloc) failed to allocate 2097152 bytes for AllocateHeap
# Possible reasons:
#   The system is out of physical RAM or swap space
#   The process is running with CompressedOops enabled, and the Java Heap may be blocking the growth of the native heap
# Possible solutions:
#   Reduce memory load on the system
#   Increase physical memory or swap space
#   Check if swap backing store is full
#   Decrease Java heap size (-Xmx/-Xms)
#   Decrease number of Java threads
#   Decrease Java thread stack sizes (-Xss)
#   Set larger code cache with -XX:ReservedCodeCacheSize=
#   JVM is running with Unscaled Compressed Oops mode in which the Java heap is
#     placed in the first 4GB address space. The Java Heap base address is the
#     maximum limit for the native heap growth. Please use -XX:HeapBaseMinAddress
#     to set the Java Heap base and to place the Java Heap above 4GB virtual address.
# This output file may be truncated or incomplete.
#
#  Out of Memory Error (allocation.cpp:44), pid=12488, tid=5320
#
# JRE version: OpenJDK Runtime Environment Temurin-17.0.5+8 (17.0.5+8) (build 17.0.5+8)
# Java VM: OpenJDK 64-Bit Server VM Temurin-17.0.5+8 (17.0.5+8, mixed mode, emulated-client, tiered, compressed oops, compressed class ptrs, g1 gc, windows-amd64)
# No core dump will be written. Minidumps are not enabled by default on client versions of Windows
#

---------------  S U M M A R Y ------------

Command Line: -XX:+HeapDumpOnOutOfMemoryError -Xmx1024m -Dsts.lsp.client=vscode -Dsts.log.file=/dev/null -XX:TieredStopAtLevel=1 -Xlog:jni+resolve=off -Dspring.config.location=file:c:\Users\mikhael\.vscode\extensions\vmware.vscode-spring-boot-1.44.0\language-server\BOOT-INF\classes\application.properties org.springframework.ide.vscode.boot.app.BootLanguageServerBootApp

Host: AMD Ryzen 5 5500U with Radeon Graphics         , 12 cores, 11G,  Windows 10 , 64 bit Build 19041 (10.0.19041.2364)
Time: Thu Feb 16 23:47:23 2023 E. South America Standard Time elapsed time: 723.655662 seconds (0d 0h 12m 3s)

---------------  T H R E A D  ---------------

Current thread (0x000001a519035750):  VMThread "VM Thread" [stack: 0x000000043c600000,0x000000043c700000] [id=5320]

Stack: [0x000000043c600000,0x000000043c700000]
Native frames: (J=compiled Java code, j=interpreted, Vv=VM code, C=native code)
V  [jvm.dll+0x676b3a]
V  [jvm.dll+0x831444]
V  [jvm.dll+0x832bee]
V  [jvm.dll+0x833253]
V  [jvm.dll+0x244ce5]
V  [jvm.dll+0xa631f]
V  [jvm.dll+0x2f4f91]
V  [jvm.dll+0x2f0c10]
V  [jvm.dll+0x2d92f7]
V  [jvm.dll+0x31c3b7]
V  [jvm.dll+0x8376fb]
V  [jvm.dll+0x838434]
V  [jvm.dll+0x83894c]
V  [jvm.dll+0x838d24]
V  [jvm.dll+0x838df0]
V  [jvm.dll+0x7e17ea]
V  [jvm.dll+0x6759e5]
C  [ucrtbase.dll+0x21bb2]
C  [KERNEL32.DLL+0x17614]
C  [ntdll.dll+0x526a1]

VM_Operation (0x000000043e2fed90): G1CollectFull, mode: safepoint, requested by thread 0x000001a51b20f710


---------------  P R O C E S S  ---------------

Threads class SMR info:
_java_thread_list=0x000001a5278efe90, length=29, elements={
0x000001a519c14390, 0x000001a519c15200, 0x000001a519047ae0, 0x000001a519c44430,
0x000001a519c44de0, 0x000001a519c45790, 0x000001a519c47110, 0x000001a519c53530,
0x000001a519e585f0, 0x000001a519e838b0, 0x000001a51b183ab0, 0x000001a51b2af490,
0x000001a51b20f710, 0x000001a51a6936f0, 0x000001a50dde4aa0, 0x000001a51a6551b0,
0x000001a51a6f2010, 0x000001a51b1d53c0, 0x000001a51b4aa100, 0x000001a51b4afc70,
0x000001a51b4b0140, 0x000001a51dbf9530, 0x000001a51dbfc080, 0x000001a51dbfd3c0,
0x000001a51dbfc550, 0x000001a51dbf8b90, 0x000001a51dbf69e0, 0x000001a51dbf7380,
0x000001a51dbf7850
}

Java Threads: ( => current thread )
  0x000001a519c14390 JavaThread "Reference Handler" daemon [_thread_blocked, id=13528, stack(0x000000043c700000,0x000000043c800000)]
  0x000001a519c15200 JavaThread "Finalizer" daemon [_thread_blocked, id=13412, stack(0x000000043c800000,0x000000043c900000)]
  0x000001a519047ae0 JavaThread "Signal Dispatcher" daemon [_thread_blocked, id=12392, stack(0x000000043c900000,0x000000043ca00000)]
  0x000001a519c44430 JavaThread "Attach Listener" daemon [_thread_blocked, id=13768, stack(0x000000043ca00000,0x000000043cb00000)]
  0x000001a519c44de0 JavaThread "Service Thread" daemon [_thread_blocked, id=13580, stack(0x000000043cb00000,0x000000043cc00000)]
  0x000001a519c45790 JavaThread "Monitor Deflation Thread" daemon [_thread_blocked, id=14172, stack(0x000000043cc00000,0x000000043cd00000)]
  0x000001a519c47110 JavaThread "C1 CompilerThread0" daemon [_thread_blocked, id=13552, stack(0x000000043cd00000,0x000000043ce00000)]
  0x000001a519c53530 JavaThread "Sweeper thread" daemon [_thread_blocked, id=5744, stack(0x000000043ce00000,0x000000043cf00000)]
  0x000001a519e585f0 JavaThread "Notification Thread" daemon [_thread_blocked, id=1548, stack(0x000000043d000000,0x000000043d100000)]
  0x000001a519e838b0 JavaThread "Common-Cleaner" daemon [_thread_blocked, id=6412, stack(0x000000043d200000,0x000000043d300000)]
  0x000001a51b183ab0 JavaThread "boundedElastic-evictor-1" daemon [_thread_blocked, id=2912, stack(0x000000043de00000,0x000000043df00000)]
  0x000001a51b2af490 JavaThread "boundedElastic-evictor-2" daemon [_thread_blocked, id=10928, stack(0x000000043e100000,0x000000043e200000)]
  0x000001a51b20f710 JavaThread "pool-10-thread-1" [_thread_blocked, id=14576, stack(0x000000043e200000,0x000000043e300000)]
  0x000001a51a6936f0 JavaThread "LanguageServerApp-lifecycle" [_thread_blocked, id=14724, stack(0x000000043e300000,0x000000043e400000)]
  0x000001a50dde4aa0 JavaThread "DestroyJavaVM" [_thread_blocked, id=4916, stack(0x000000043c000000,0x000000043c100000)]
  0x000001a51a6551b0 JavaThread "pool-11-thread-1" [_thread_in_native, id=14036, stack(0x000000043e400000,0x000000043e500000)]
  0x000001a51a6f2010 JavaThread "Simple-Language-Server main thread" daemon [_thread_blocked, id=11820, stack(0x000000043e500000,0x000000043e600000)]
  0x000001a51b1d53c0 JavaThread "pool-6-thread-1" [_thread_blocked, id=14044, stack(0x000000043e700000,0x000000043e800000)]
  0x000001a51b4aa100 JavaThread "parallel-1" daemon [_thread_blocked, id=14040, stack(0x000000043fc00000,0x000000043fd00000)]
  0x000001a51b4afc70 JavaThread "pool-4-thread-1" [_thread_blocked, id=6200, stack(0x0000000440400000,0x0000000440500000)]
  0x000001a51b4b0140 JavaThread "parallel-2" daemon [_thread_blocked, id=3544, stack(0x0000000440500000,0x0000000440600000)]
  0x000001a51dbf9530 JavaThread "parallel-3" daemon [_thread_blocked, id=9764, stack(0x0000000440600000,0x0000000440700000)]
  0x000001a51dbfc080 JavaThread "parallel-4" daemon [_thread_blocked, id=7524, stack(0x000000043e900000,0x000000043ea00000)]
  0x000001a51dbfd3c0 JavaThread "parallel-5" daemon [_thread_blocked, id=10012, stack(0x000000043ea00000,0x000000043eb00000)]
  0x000001a51dbfc550 JavaThread "parallel-6" daemon [_thread_blocked, id=9196, stack(0x000000043eb00000,0x000000043ec00000)]
  0x000001a51dbf8b90 JavaThread "parallel-7" daemon [_thread_blocked, id=2228, stack(0x000000043ec00000,0x000000043ed00000)]
  0x000001a51dbf69e0 JavaThread "Reconciler-1" daemon [_thread_blocked, id=14608, stack(0x000000043ee00000,0x000000043ef00000)]
  0x000001a51dbf7380 JavaThread "pool-3-thread-4" [_thread_blocked, id=17072, stack(0x000000043bd00000,0x000000043be00000)]
  0x000001a51dbf7850 JavaThread "ForkJoinPool.commonPool-worker-7" daemon [_thread_blocked, id=17756, stack(0x000000043be00000,0x000000043bf00000)]

Other Threads:
=>0x000001a519035750 VMThread "VM Thread" [stack: 0x000000043c600000,0x000000043c700000] [id=5320]
  0x000001a50de89fd0 WatcherThread [stack: 0x000000043d100000,0x000000043d200000] [id=12740]
  0x000001a50de24200 GCTaskThread "GC Thread#0" [stack: 0x000000043c100000,0x000000043c200000] [id=13544]
  0x000001a51a7fc580 GCTaskThread "GC Thread#1" [stack: 0x000000043d300000,0x000000043d400000] [id=12496]
  0x000001a51a8a7270 GCTaskThread "GC Thread#2" [stack: 0x000000043d400000,0x000000043d500000] [id=8784]
  0x000001a51a8a7520 GCTaskThread "GC Thread#3" [stack: 0x000000043d500000,0x000000043d600000] [id=13872]
  0x000001a51a8df370 GCTaskThread "GC Thread#4" [stack: 0x000000043d600000,0x000000043d700000] [id=8532]
  0x000001a51ab583d0 GCTaskThread "GC Thread#5" [stack: 0x000000043d900000,0x000000043da00000] [id=1636]
  0x000001a51ab5aaa0 GCTaskThread "GC Thread#6" [stack: 0x000000043da00000,0x000000043db00000] [id=13456]
  0x000001a51ab5b560 GCTaskThread "GC Thread#7" [stack: 0x000000043db00000,0x000000043dc00000] [id=9344]
  0x000001a51ab5b810 GCTaskThread "GC Thread#8" [stack: 0x000000043dc00000,0x000000043dd00000] [id=4988]
  0x000001a51ab5bac0 GCTaskThread "GC Thread#9" [stack: 0x000000043dd00000,0x000000043de00000] [id=11392]
  0x000001a50de2e060 ConcurrentGCThread "G1 Main Marker" [stack: 0x000000043c200000,0x000000043c300000] [id=13500]
  0x000001a50de2ea70 ConcurrentGCThread "G1 Conc#0" [stack: 0x000000043c300000,0x000000043c400000] [id=8952]
  0x000001a51acf0480 ConcurrentGCThread "G1 Conc#1" [stack: 0x000000043df00000,0x000000043e000000] [id=1588]
  0x000001a51acd74f0 ConcurrentGCThread "G1 Conc#2" [stack: 0x000000043e000000,0x000000043e100000] [id=13588]
  0x000001a518ea8110 ConcurrentGCThread "G1 Refine#0" [stack: 0x000000043c400000,0x000000043c500000] [id=5068]
  0x000001a51d90e3e0 ConcurrentGCThread "G1 Refine#1" [stack: 0x0000000440100000,0x0000000440200000] [id=15052]
  0x000001a51da2df20 ConcurrentGCThread "G1 Refine#2" [stack: 0x0000000440200000,0x0000000440300000] [id=12504]
  0x000001a51b568a80 ConcurrentGCThread "G1 Refine#3" [stack: 0x0000000440300000,0x0000000440400000] [id=12600]
  0x000001a51dad4480 ConcurrentGCThread "G1 Refine#4" [stack: 0x0000000440800000,0x0000000440900000] [id=5596]
  0x000001a51da2d4d0 ConcurrentGCThread "G1 Refine#5" [stack: 0x0000000440900000,0x0000000440a00000] [id=1968]
  0x000001a51dad4a40 ConcurrentGCThread "G1 Refine#6" [stack: 0x0000000440b00000,0x0000000440c00000] [id=14264]
  0x000001a51da2e4e0 ConcurrentGCThread "G1 Refine#7" [stack: 0x000000043f000000,0x000000043f100000] [id=14156]
  0x000001a518ea8b30 ConcurrentGCThread "G1 Service" [stack: 0x000000043c500000,0x000000043c600000] [id=13820]

Threads with active compile tasks:

VM state: at safepoint (normal execution)

VM Mutex/Monitor currently owned by a thread:  ([mutex/lock_event])
[0x000001a50bc079c0] Threads_lock - owner thread: 0x000001a519035750
[0x000001a50dde3000] Heap_lock - owner thread: 0x000001a51b20f710

Heap address: 0x00000000c0000000, size: 1024 MB, Compressed Oops mode: 32-bit

CDS archive(s) not mapped
Compressed class space mapped at: 0x0000000100000000-0x0000000140000000, reserved size: 1073741824
Narrow klass base: 0x0000000000000000, Narrow klass shift: 3, Narrow klass range: 0x140000000

GC Precious Log:
 CPUs: 12 total, 12 available
 Memory: 11621M
 Large Page Support: Disabled
 NUMA Support: Disabled
 Compressed Oops: Enabled (32-bit)
 Heap Region Size: 1M
 Heap Min Capacity: 8M
 Heap Initial Capacity: 182M
 Heap Max Capacity: 1G
 Pre-touch: Disabled
 Parallel Workers: 10
 Concurrent Workers: 3
 Concurrent Refinement Workers: 10
 Periodic GC: Disabled

Heap:
 garbage-first heap   total 283648K, used 90086K [0x00000000c0000000, 0x0000000100000000)
  region size 1024K, 7 young (7168K), 0 survivors (0K)
 Metaspace       used 69282K, committed 70016K, reserved 1114112K
  class space    used 9375K, committed 9664K, reserved 1048576K

Heap Regions: E=young(eden), S=young(survivor), O=old, HS=humongous(starts), HC=humongous(continues), CS=collection set, F=free, OA=open archive, CA=closed archive, TAMS=top-at-mark-start (previous, next)
|   0|0x00000000c0000000, 0x00000000c0100000, 0x00000000c0100000|100%| O|  |TAMS 0x00000000c0100000, 0x00000000c0000000| Untracked 
|   1|0x00000000c0100000, 0x00000000c0200000, 0x00000000c0200000|100%| O|  |TAMS 0x00000000c0200000, 0x00000000c0100000| Untracked 
|   2|0x00000000c0200000, 0x00000000c0300000, 0x00000000c0300000|100%| O|  |TAMS 0x00000000c0300000, 0x00000000c0200000| Untracked 
|   3|0x00000000c0300000, 0x00000000c0400000, 0x00000000c0400000|100%| O|  |TAMS 0x00000000c0400000, 0x00000000c0300000| Untracked 
|   4|0x00000000c0400000, 0x00000000c04ffff0, 0x00000000c0500000| 99%| O|  |TAMS 0x00000000c04ffff0, 0x00000000c0400000| Untracked 
|   5|0x00000000c0500000, 0x00000000c0600000, 0x00000000c0600000|100%| O|  |TAMS 0x00000000c0600000, 0x00000000c0500000| Untracked 
|   6|0x00000000c0600000, 0x00000000c06ffff8, 0x00000000c0700000| 99%| O|  |TAMS 0x00000000c06ffff8, 0x00000000c0600000| Untracked 
|   7|0x00000000c0700000, 0x00000000c07ffff8, 0x00000000c0800000| 99%| O|  |TAMS 0x00000000c07ffff8, 0x00000000c0700000| Untracked 
|   8|0x00000000c0800000, 0x00000000c08ffff0, 0x00000000c0900000| 99%| O|  |TAMS 0x00000000c08ffff0, 0x00000000c0800000| Untracked 
|   9|0x00000000c0900000, 0x00000000c09fffb8, 0x00000000c0a00000| 99%| O|  |TAMS 0x00000000c09fffb8, 0x00000000c0900000| Untracked 
|  10|0x00000000c0a00000, 0x00000000c0afbf08, 0x00000000c0b00000| 98%| O|  |TAMS 0x00000000c0afbf08, 0x00000000c0a00000| Untracked 
|  11|0x00000000c0b00000, 0x00000000c0bffff0, 0x00000000c0c00000| 99%| O|  |TAMS 0x00000000c0bffff0, 0x00000000c0b00000| Untracked 
|  12|0x00000000c0c00000, 0x00000000c0cfffe0, 0x00000000c0d00000| 99%| O|  |TAMS 0x00000000c0cfffe0, 0x00000000c0c00000| Untracked 
|  13|0x00000000c0d00000, 0x00000000c0dfffe0, 0x00000000c0e00000| 99%| O|  |TAMS 0x00000000c0dfffe0, 0x00000000c0d00000| Untracked 
|  14|0x00000000c0e00000, 0x00000000c0effff0, 0x00000000c0f00000| 99%| O|  |TAMS 0x00000000c0effff0, 0x00000000c0e00000| Untracked 
|  15|0x00000000c0f00000, 0x00000000c0ffffc0, 0x00000000c1000000| 99%| O|  |TAMS 0x00000000c0ffffc0, 0x00000000c0f00000| Untracked 
|  16|0x00000000c1000000, 0x00000000c10fffd0, 0x00000000c1100000| 99%| O|  |TAMS 0x00000000c10fffd0, 0x00000000c1000000| Untracked 
|  17|0x00000000c1100000, 0x00000000c11fffe0, 0x00000000c1200000| 99%| O|  |TAMS 0x00000000c11fffe0, 0x00000000c1100000| Untracked 
|  18|0x00000000c1200000, 0x00000000c12ffec0, 0x00000000c1300000| 99%| O|  |TAMS 0x00000000c12ffec0, 0x00000000c1200000| Untracked 
|  19|0x00000000c1300000, 0x00000000c13f7628, 0x00000000c1400000| 96%| O|  |TAMS 0x00000000c13f7628, 0x00000000c1300000| Untracked 
|  20|0x00000000c1400000, 0x00000000c14ffff8, 0x00000000c1500000| 99%| O|  |TAMS 0x00000000c14ffff8, 0x00000000c1400000| Untracked 
|  21|0x00000000c1500000, 0x00000000c15ffd88, 0x00000000c1600000| 99%| O|  |TAMS 0x00000000c15ffd88, 0x00000000c1500000| Untracked 
|  22|0x00000000c1600000, 0x00000000c16ffff0, 0x00000000c1700000| 99%| O|  |TAMS 0x00000000c16ffff0, 0x00000000c1600000| Untracked 
|  23|0x00000000c1700000, 0x00000000c1800000, 0x00000000c1800000|100%| O|  |TAMS 0x00000000c1800000, 0x00000000c1700000| Untracked 
|  24|0x00000000c1800000, 0x00000000c1900000, 0x00000000c1900000|100%| O|  |TAMS 0x00000000c1900000, 0x00000000c1800000| Untracked 
|  25|0x00000000c1900000, 0x00000000c19ffff0, 0x00000000c1a00000| 99%| O|  |TAMS 0x00000000c19ffff0, 0x00000000c1900000| Untracked 
|  26|0x00000000c1a00000, 0x00000000c1affff0, 0x00000000c1b00000| 99%| O|  |TAMS 0x00000000c1affff0, 0x00000000c1a00000| Untracked 
|  27|0x00000000c1b00000, 0x00000000c1bfffe8, 0x00000000c1c00000| 99%| O|  |TAMS 0x00000000c1bfffe8, 0x00000000c1b00000| Untracked 
|  28|0x00000000c1c00000, 0x00000000c1cfffe8, 0x00000000c1d00000| 99%| O|  |TAMS 0x00000000c1cfffe8, 0x00000000c1c00000| Untracked 
|  29|0x00000000c1d00000, 0x00000000c1e00000, 0x00000000c1e00000|100%| O|  |TAMS 0x00000000c1e00000, 0x00000000c1d00000| Untracked 
|  30|0x00000000c1e00000, 0x00000000c1efd190, 0x00000000c1f00000| 98%| O|  |TAMS 0x00000000c1efd190, 0x00000000c1e00000| Untracked 
|  31|0x00000000c1f00000, 0x00000000c1fffff8, 0x00000000c2000000| 99%| O|  |TAMS 0x00000000c1fffff8, 0x00000000c1f00000| Untracked 
|  32|0x00000000c2000000, 0x00000000c20f5a20, 0x00000000c2100000| 95%| O|  |TAMS 0x00000000c20f5a20, 0x00000000c2000000| Untracked 
|  33|0x00000000c2100000, 0x00000000c21ffff0, 0x00000000c2200000| 99%| O|  |TAMS 0x00000000c21ffff0, 0x00000000c2100000| Untracked 
|  34|0x00000000c2200000, 0x00000000c22fffe0, 0x00000000c2300000| 99%| O|  |TAMS 0x00000000c22fffe0, 0x00000000c2200000| Untracked 
|  35|0x00000000c2300000, 0x00000000c2400000, 0x00000000c2400000|100%| O|  |TAMS 0x00000000c2400000, 0x00000000c2300000| Untracked 
|  36|0x00000000c2400000, 0x00000000c24ffff8, 0x00000000c2500000| 99%| O|  |TAMS 0x00000000c24ffff8, 0x00000000c2400000| Untracked 
|  37|0x00000000c2500000, 0x00000000c25ffff0, 0x00000000c2600000| 99%| O|  |TAMS 0x00000000c25ffff0, 0x00000000c2500000| Untracked 
|  38|0x00000000c2600000, 0x00000000c26fffe0, 0x00000000c2700000| 99%| O|  |TAMS 0x00000000c26fffe0, 0x00000000c2600000| Untracked 
|  39|0x00000000c2700000, 0x00000000c2800000, 0x00000000c2800000|100%| O|  |TAMS 0x00000000c2800000, 0x00000000c2700000| Untracked 
|  40|0x00000000c2800000, 0x00000000c28fffe0, 0x00000000c2900000| 99%| O|  |TAMS 0x00000000c28fffe0, 0x00000000c2800000| Untracked 
|  41|0x00000000c2900000, 0x00000000c29ffff8, 0x00000000c2a00000| 99%| O|  |TAMS 0x00000000c29ffff8, 0x00000000c2900000| Untracked 
|  42|0x00000000c2a00000, 0x00000000c2b00000, 0x00000000c2b00000|100%|HS|  |TAMS 0x00000000c2b00000, 0x00000000c2a00000| Untracked 
|  43|0x00000000c2b00000, 0x00000000c2c00000, 0x00000000c2c00000|100%|HS|  |TAMS 0x00000000c2c00000, 0x00000000c2b00000| Untracked 
|  44|0x00000000c2c00000, 0x00000000c2cffff0, 0x00000000c2d00000| 99%| O|  |TAMS 0x00000000c2cffff0, 0x00000000c2c00000| Untracked 
|  45|0x00000000c2d00000, 0x00000000c2dfffe0, 0x00000000c2e00000| 99%| O|  |TAMS 0x00000000c2dfffe0, 0x00000000c2d00000| Untracked 
|  46|0x00000000c2e00000, 0x00000000c2effff8, 0x00000000c2f00000| 99%| O|  |TAMS 0x00000000c2effff8, 0x00000000c2e00000| Untracked 
|  47|0x00000000c2f00000, 0x00000000c2ffffe8, 0x00000000c3000000| 99%| O|  |TAMS 0x00000000c2ffffe8, 0x00000000c2f00000| Untracked 
|  48|0x00000000c3000000, 0x00000000c30ffff0, 0x00000000c3100000| 99%| O|  |TAMS 0x00000000c30ffff0, 0x00000000c3000000| Untracked 
|  49|0x00000000c3100000, 0x00000000c31ffff8, 0x00000000c3200000| 99%| O|  |TAMS 0x00000000c31ffff8, 0x00000000c3100000| Untracked 
|  50|0x00000000c3200000, 0x00000000c32fba20, 0x00000000c3300000| 98%| O|  |TAMS 0x00000000c32fba20, 0x00000000c3200000| Untracked 
|  51|0x00000000c3300000, 0x00000000c33ffff8, 0x00000000c3400000| 99%| O|  |TAMS 0x00000000c33ffff8, 0x00000000c3300000| Untracked 
|  52|0x00000000c3400000, 0x00000000c34ffff8, 0x00000000c3500000| 99%| O|  |TAMS 0x00000000c34ffff8, 0x00000000c3400000| Untracked 
|  53|0x00000000c3500000, 0x00000000c35fffb8, 0x00000000c3600000| 99%| O|  |TAMS 0x00000000c35fffb8, 0x00000000c3500000| Untracked 
|  54|0x00000000c3600000, 0x00000000c36fffe8, 0x00000000c3700000| 99%| O|  |TAMS 0x00000000c36fffe8, 0x00000000c3600000| Untracked 
|  55|0x00000000c3700000, 0x00000000c37fffd8, 0x00000000c3800000| 99%| O|  |TAMS 0x00000000c37fffd8, 0x00000000c3700000| Untracked 
|  56|0x00000000c3800000, 0x00000000c38ffff8, 0x00000000c3900000| 99%| O|  |TAMS 0x00000000c38ffff8, 0x00000000c3800000| Untracked 
|  57|0x00000000c3900000, 0x00000000c39ffff8, 0x00000000c3a00000| 99%| O|  |TAMS 0x00000000c39ffff8, 0x00000000c3900000| Untracked 
|  58|0x00000000c3a00000, 0x00000000c3b00000, 0x00000000c3b00000|100%| O|  |TAMS 0x00000000c3b00000, 0x00000000c3a00000| Untracked 
|  59|0x00000000c3b00000, 0x00000000c3bfc910, 0x00000000c3c00000| 98%| O|  |TAMS 0x00000000c3bfc910, 0x00000000c3b00000| Untracked 
|  60|0x00000000c3c00000, 0x00000000c3ce9b28, 0x00000000c3d00000| 91%| O|  |TAMS 0x00000000c3c00000, 0x00000000c3c00000| Untracked 
|  61|0x00000000c3d00000, 0x00000000c3d9b918, 0x00000000c3e00000| 60%| O|  |TAMS 0x00000000c3d00000, 0x00000000c3d00000| Untracked 
|  62|0x00000000c3e00000, 0x00000000c3effff8, 0x00000000c3f00000| 99%| O|  |TAMS 0x00000000c3effff8, 0x00000000c3e00000| Untracked 
|  63|0x00000000c3f00000, 0x00000000c3fbb140, 0x00000000c4000000| 73%| O|  |TAMS 0x00000000c3f00000, 0x00000000c3f00000| Untracked 
|  64|0x00000000c4000000, 0x00000000c40ffff0, 0x00000000c4100000| 99%| O|  |TAMS 0x00000000c40ffff0, 0x00000000c4000000| Untracked 
|  65|0x00000000c4100000, 0x00000000c41ffff8, 0x00000000c4200000| 99%| O|  |TAMS 0x00000000c41ffff8, 0x00000000c4100000| Untracked 
|  66|0x00000000c4200000, 0x00000000c42db870, 0x00000000c4300000| 85%| O|  |TAMS 0x00000000c4200000, 0x00000000c4200000| Untracked 
|  67|0x00000000c4300000, 0x00000000c4300000, 0x00000000c4400000|  0%| F|  |TAMS 0x00000000c4300000, 0x00000000c4300000| Untracked 
|  68|0x00000000c4400000, 0x00000000c4400000, 0x00000000c4500000|  0%| F|  |TAMS 0x00000000c4400000, 0x00000000c4400000| Untracked 
|  69|0x00000000c4500000, 0x00000000c4500000, 0x00000000c4600000|  0%| F|  |TAMS 0x00000000c4500000, 0x00000000c4500000| Untracked 
|  70|0x00000000c4600000, 0x00000000c46ffff0, 0x00000000c4700000| 99%| O|  |TAMS 0x00000000c46ffff0, 0x00000000c4600000| Untracked 
|  71|0x00000000c4700000, 0x00000000c4700000, 0x00000000c4800000|  0%| F|  |TAMS 0x00000000c4700000, 0x00000000c4700000| Untracked 
|  72|0x00000000c4800000, 0x00000000c4800000, 0x00000000c4900000|  0%| F|  |TAMS 0x00000000c4800000, 0x00000000c4800000| Untracked 
|  73|0x00000000c4900000, 0x00000000c4900000, 0x00000000c4a00000|  0%| F|  |TAMS 0x00000000c4900000, 0x00000000c4900000| Untracked 
|  74|0x00000000c4a00000, 0x00000000c4a00000, 0x00000000c4b00000|  0%| F|  |TAMS 0x00000000c4a00000, 0x00000000c4a00000| Untracked 
|  75|0x00000000c4b00000, 0x00000000c4b00000, 0x00000000c4c00000|  0%| F|  |TAMS 0x00000000c4b00000, 0x00000000c4b00000| Untracked 
|  76|0x00000000c4c00000, 0x00000000c4c00000, 0x00000000c4d00000|  0%| F|  |TAMS 0x00000000c4c00000, 0x00000000c4c00000| Untracked 
|  77|0x00000000c4d00000, 0x00000000c4e00000, 0x00000000c4e00000|100%|HS|  |TAMS 0x00000000c4e00000, 0x00000000c4d00000| Untracked 
|  78|0x00000000c4e00000, 0x00000000c4f00000, 0x00000000c4f00000|100%|HC|  |TAMS 0x00000000c4f00000, 0x00000000c4e00000| Untracked 
|  79|0x00000000c4f00000, 0x00000000c5000000, 0x00000000c5000000|100%|HC|  |TAMS 0x00000000c5000000, 0x00000000c4f00000| Untracked 
|  80|0x00000000c5000000, 0x00000000c5000000, 0x00000000c5100000|  0%| F|  |TAMS 0x00000000c5000000, 0x00000000c5000000| Untracked 
|  81|0x00000000c5100000, 0x00000000c5100000, 0x00000000c5200000|  0%| F|  |TAMS 0x00000000c5100000, 0x00000000c5100000| Untracked 
|  82|0x00000000c5200000, 0x00000000c5200000, 0x00000000c5300000|  0%| F|  |TAMS 0x00000000c5200000, 0x00000000c5200000| Untracked 
|  83|0x00000000c5300000, 0x00000000c5300000, 0x00000000c5400000|  0%| F|  |TAMS 0x00000000c5300000, 0x00000000c5300000| Untracked 
|  84|0x00000000c5400000, 0x00000000c5400000, 0x00000000c5500000|  0%| F|  |TAMS 0x00000000c5400000, 0x00000000c5400000| Untracked 
|  85|0x00000000c5500000, 0x00000000c5500000, 0x00000000c5600000|  0%| F|  |TAMS 0x00000000c5500000, 0x00000000c5500000| Untracked 
|  86|0x00000000c5600000, 0x00000000c5600000, 0x00000000c5700000|  0%| F|  |TAMS 0x00000000c5600000, 0x00000000c5600000| Untracked 
|  87|0x00000000c5700000, 0x00000000c5700000, 0x00000000c5800000|  0%| F|  |TAMS 0x00000000c5700000, 0x00000000c5700000| Untracked 
|  88|0x00000000c5800000, 0x00000000c5800000, 0x00000000c5900000|  0%| F|  |TAMS 0x00000000c5800000, 0x00000000c5800000| Untracked 
|  89|0x00000000c5900000, 0x00000000c5a00000, 0x00000000c5a00000|100%| O|  |TAMS 0x00000000c5a00000, 0x00000000c5900000| Untracked 
|  90|0x00000000c5a00000, 0x00000000c5a00000, 0x00000000c5b00000|  0%| F|  |TAMS 0x00000000c5a00000, 0x00000000c5a00000| Untracked 
|  91|0x00000000c5b00000, 0x00000000c5b00000, 0x00000000c5c00000|  0%| F|  |TAMS 0x00000000c5b00000, 0x00000000c5b00000| Untracked 
|  92|0x00000000c5c00000, 0x00000000c5c00000, 0x00000000c5d00000|  0%| F|  |TAMS 0x00000000c5c00000, 0x00000000c5c00000| Untracked 
|  93|0x00000000c5d00000, 0x00000000c5d00000, 0x00000000c5e00000|  0%| F|  |TAMS 0x00000000c5d00000, 0x00000000c5d00000| Untracked 
|  94|0x00000000c5e00000, 0x00000000c5e00000, 0x00000000c5f00000|  0%| F|  |TAMS 0x00000000c5e00000, 0x00000000c5e00000| Untracked 
|  95|0x00000000c5f00000, 0x00000000c6000000, 0x00000000c6000000|100%| O|  |TAMS 0x00000000c6000000, 0x00000000c5f00000| Untracked 
|  96|0x00000000c6000000, 0x00000000c6000000, 0x00000000c6100000|  0%| F|  |TAMS 0x00000000c6000000, 0x00000000c6000000| Untracked 
|  97|0x00000000c6100000, 0x00000000c6100000, 0x00000000c6200000|  0%| F|  |TAMS 0x00000000c6100000, 0x00000000c6100000| Untracked 
|  98|0x00000000c6200000, 0x00000000c6200000, 0x00000000c6300000|  0%| F|  |TAMS 0x00000000c6200000, 0x00000000c6200000| Untracked 
|  99|0x00000000c6300000, 0x00000000c6400000, 0x00000000c6400000|100%| O|  |TAMS 0x00000000c6400000, 0x00000000c6300000| Untracked 
| 100|0x00000000c6400000, 0x00000000c6400000, 0x00000000c6500000|  0%| F|  |TAMS 0x00000000c6400000, 0x00000000c6400000| Untracked 
| 101|0x00000000c6500000, 0x00000000c65fffb0, 0x00000000c6600000| 99%| O|  |TAMS 0x00000000c65fffb0, 0x00000000c6500000| Untracked 
| 102|0x00000000c6600000, 0x00000000c6600000, 0x00000000c6700000|  0%| F|  |TAMS 0x00000000c6600000, 0x00000000c6600000| Untracked 
| 103|0x00000000c6700000, 0x00000000c6700000, 0x00000000c6800000|  0%| F|  |TAMS 0x00000000c6700000, 0x00000000c6700000| Untracked 
| 104|0x00000000c6800000, 0x00000000c6800000, 0x00000000c6900000|  0%| F|  |TAMS 0x00000000c6800000, 0x00000000c6800000| Untracked 
| 105|0x00000000c6900000, 0x00000000c6900000, 0x00000000c6a00000|  0%| F|  |TAMS 0x00000000c6900000, 0x00000000c6900000| Untracked 
| 106|0x00000000c6a00000, 0x00000000c6a00000, 0x00000000c6b00000|  0%| F|  |TAMS 0x00000000c6a00000, 0x00000000c6a00000| Untracked 
| 107|0x00000000c6b00000, 0x00000000c6b00000, 0x00000000c6c00000|  0%| F|  |TAMS 0x00000000c6b00000, 0x00000000c6b00000| Untracked 
| 108|0x00000000c6c00000, 0x00000000c6c00000, 0x00000000c6d00000|  0%| F|  |TAMS 0x00000000c6c00000, 0x00000000c6c00000| Untracked 
| 109|0x00000000c6d00000, 0x00000000c6d00000, 0x00000000c6e00000|  0%| F|  |TAMS 0x00000000c6d00000, 0x00000000c6d00000| Untracked 
| 110|0x00000000c6e00000, 0x00000000c6e00000, 0x00000000c6f00000|  0%| F|  |TAMS 0x00000000c6e00000, 0x00000000c6e00000| Untracked 
| 111|0x00000000c6f00000, 0x00000000c6f00000, 0x00000000c7000000|  0%| F|  |TAMS 0x00000000c6f00000, 0x00000000c6f00000| Untracked 
| 112|0x00000000c7000000, 0x00000000c7000000, 0x00000000c7100000|  0%| F|  |TAMS 0x00000000c7000000, 0x00000000c7000000| Untracked 
| 113|0x00000000c7100000, 0x00000000c7100000, 0x00000000c7200000|  0%| F|  |TAMS 0x00000000c7100000, 0x00000000c7100000| Untracked 
| 114|0x00000000c7200000, 0x00000000c7200000, 0x00000000c7300000|  0%| F|  |TAMS 0x00000000c7200000, 0x00000000c7200000| Untracked 
| 115|0x00000000c7300000, 0x00000000c73fffd0, 0x00000000c7400000| 99%| O|  |TAMS 0x00000000c73fffd0, 0x00000000c7300000| Untracked 
| 116|0x00000000c7400000, 0x00000000c7400000, 0x00000000c7500000|  0%| F|  |TAMS 0x00000000c7400000, 0x00000000c7400000| Untracked 
| 117|0x00000000c7500000, 0x00000000c7500000, 0x00000000c7600000|  0%| F|  |TAMS 0x00000000c7500000, 0x00000000c7500000| Untracked 
| 118|0x00000000c7600000, 0x00000000c7600000, 0x00000000c7700000|  0%| F|  |TAMS 0x00000000c7600000, 0x00000000c7600000| Untracked 
| 119|0x00000000c7700000, 0x00000000c7700000, 0x00000000c7800000|  0%| F|  |TAMS 0x00000000c7700000, 0x00000000c7700000| Untracked 
| 120|0x00000000c7800000, 0x00000000c7800000, 0x00000000c7900000|  0%| F|  |TAMS 0x00000000c7800000, 0x00000000c7800000| Untracked 
| 121|0x00000000c7900000, 0x00000000c7900000, 0x00000000c7a00000|  0%| F|  |TAMS 0x00000000c7900000, 0x00000000c7900000| Untracked 
| 122|0x00000000c7a00000, 0x00000000c7a00000, 0x00000000c7b00000|  0%| F|  |TAMS 0x00000000c7a00000, 0x00000000c7a00000| Untracked 
| 123|0x00000000c7b00000, 0x00000000c7b00000, 0x00000000c7c00000|  0%| F|  |TAMS 0x00000000c7b00000, 0x00000000c7b00000| Untracked 
| 124|0x00000000c7c00000, 0x00000000c7c00000, 0x00000000c7d00000|  0%| F|  |TAMS 0x00000000c7c00000, 0x00000000c7c00000| Untracked 
| 125|0x00000000c7d00000, 0x00000000c7d00000, 0x00000000c7e00000|  0%| F|  |TAMS 0x00000000c7d00000, 0x00000000c7d00000| Untracked 
| 126|0x00000000c7e00000, 0x00000000c7e00000, 0x00000000c7f00000|  0%| F|  |TAMS 0x00000000c7e00000, 0x00000000c7e00000| Untracked 
| 127|0x00000000c7f00000, 0x00000000c7f00000, 0x00000000c8000000|  0%| F|  |TAMS 0x00000000c7f00000, 0x00000000c7f00000| Untracked 
| 128|0x00000000c8000000, 0x00000000c8000000, 0x00000000c8100000|  0%| F|  |TAMS 0x00000000c8000000, 0x00000000c8000000| Untracked 
| 129|0x00000000c8100000, 0x00000000c8100000, 0x00000000c8200000|  0%| F|  |TAMS 0x00000000c8100000, 0x00000000c8100000| Untracked 
| 130|0x00000000c8200000, 0x00000000c8200000, 0x00000000c8300000|  0%| F|  |TAMS 0x00000000c8200000, 0x00000000c8200000| Untracked 
| 131|0x00000000c8300000, 0x00000000c8300000, 0x00000000c8400000|  0%| F|  |TAMS 0x00000000c8300000, 0x00000000c8300000| Untracked 
| 132|0x00000000c8400000, 0x00000000c8400000, 0x00000000c8500000|  0%| F|  |TAMS 0x00000000c8400000, 0x00000000c8400000| Untracked 
| 133|0x00000000c8500000, 0x00000000c8500000, 0x00000000c8600000|  0%| F|  |TAMS 0x00000000c8500000, 0x00000000c8500000| Untracked 
| 134|0x00000000c8600000, 0x00000000c8600000, 0x00000000c8700000|  0%| F|  |TAMS 0x00000000c8600000, 0x00000000c8600000| Untracked 
| 135|0x00000000c8700000, 0x00000000c8700000, 0x00000000c8800000|  0%| F|  |TAMS 0x00000000c8700000, 0x00000000c8700000| Untracked 
| 136|0x00000000c8800000, 0x00000000c8800000, 0x00000000c8900000|  0%| F|  |TAMS 0x00000000c8800000, 0x00000000c8800000| Untracked 
| 137|0x00000000c8900000, 0x00000000c8900000, 0x00000000c8a00000|  0%| F|  |TAMS 0x00000000c8900000, 0x00000000c8900000| Untracked 
| 138|0x00000000c8a00000, 0x00000000c8a00000, 0x00000000c8b00000|  0%| F|  |TAMS 0x00000000c8a00000, 0x00000000c8a00000| Untracked 
| 139|0x00000000c8b00000, 0x00000000c8b00000, 0x00000000c8c00000|  0%| F|  |TAMS 0x00000000c8b00000, 0x00000000c8b00000| Untracked 
| 140|0x00000000c8c00000, 0x00000000c8c00000, 0x00000000c8d00000|  0%| F|  |TAMS 0x00000000c8c00000, 0x00000000c8c00000| Untracked 
| 141|0x00000000c8d00000, 0x00000000c8d00000, 0x00000000c8e00000|  0%| F|  |TAMS 0x00000000c8d00000, 0x00000000c8d00000| Untracked 
| 142|0x00000000c8e00000, 0x00000000c8e00000, 0x00000000c8f00000|  0%| F|  |TAMS 0x00000000c8e00000, 0x00000000c8e00000| Untracked 
| 143|0x00000000c8f00000, 0x00000000c8f00000, 0x00000000c9000000|  0%| F|  |TAMS 0x00000000c8f00000, 0x00000000c8f00000| Untracked 
| 144|0x00000000c9000000, 0x00000000c9000000, 0x00000000c9100000|  0%| F|  |TAMS 0x00000000c9000000, 0x00000000c9000000| Untracked 
| 145|0x00000000c9100000, 0x00000000c9100000, 0x00000000c9200000|  0%| F|  |TAMS 0x00000000c9100000, 0x00000000c9100000| Untracked 
| 146|0x00000000c9200000, 0x00000000c9200000, 0x00000000c9300000|  0%| F|  |TAMS 0x00000000c9200000, 0x00000000c9200000| Untracked 
| 147|0x00000000c9300000, 0x00000000c9300000, 0x00000000c9400000|  0%| F|  |TAMS 0x00000000c9300000, 0x00000000c9300000| Untracked 
| 148|0x00000000c9400000, 0x00000000c9400000, 0x00000000c9500000|  0%| F|  |TAMS 0x00000000c9400000, 0x00000000c9400000| Untracked 
| 149|0x00000000c9500000, 0x00000000c9500000, 0x00000000c9600000|  0%| F|  |TAMS 0x00000000c9500000, 0x00000000c9500000| Untracked 
| 150|0x00000000c9600000, 0x00000000c9600000, 0x00000000c9700000|  0%| F|  |TAMS 0x00000000c9600000, 0x00000000c9600000| Untracked 
| 151|0x00000000c9700000, 0x00000000c9700000, 0x00000000c9800000|  0%| F|  |TAMS 0x00000000c9700000, 0x00000000c9700000| Untracked 
| 152|0x00000000c9800000, 0x00000000c9800000, 0x00000000c9900000|  0%| F|  |TAMS 0x00000000c9800000, 0x00000000c9800000| Untracked 
| 153|0x00000000c9900000, 0x00000000c9900000, 0x00000000c9a00000|  0%| F|  |TAMS 0x00000000c9900000, 0x00000000c9900000| Untracked 
| 154|0x00000000c9a00000, 0x00000000c9a00000, 0x00000000c9b00000|  0%| F|  |TAMS 0x00000000c9a00000, 0x00000000c9a00000| Untracked 
| 155|0x00000000c9b00000, 0x00000000c9c00000, 0x00000000c9c00000|100%| O|  |TAMS 0x00000000c9c00000, 0x00000000c9b00000| Untracked 
| 156|0x00000000c9c00000, 0x00000000c9c00000, 0x00000000c9d00000|  0%| F|  |TAMS 0x00000000c9c00000, 0x00000000c9c00000| Untracked 
| 157|0x00000000c9d00000, 0x00000000c9d00000, 0x00000000c9e00000|  0%| F|  |TAMS 0x00000000c9d00000, 0x00000000c9d00000| Untracked 
| 158|0x00000000c9e00000, 0x00000000c9e00000, 0x00000000c9f00000|  0%| F|  |TAMS 0x00000000c9e00000, 0x00000000c9e00000| Untracked 
| 159|0x00000000c9f00000, 0x00000000c9f00000, 0x00000000ca000000|  0%| F|  |TAMS 0x00000000c9f00000, 0x00000000c9f00000| Untracked 
| 160|0x00000000ca000000, 0x00000000ca000000, 0x00000000ca100000|  0%| F|  |TAMS 0x00000000ca000000, 0x00000000ca000000| Untracked 
| 161|0x00000000ca100000, 0x00000000ca100000, 0x00000000ca200000|  0%| F|  |TAMS 0x00000000ca100000, 0x00000000ca100000| Untracked 
| 162|0x00000000ca200000, 0x00000000ca200000, 0x00000000ca300000|  0%| F|  |TAMS 0x00000000ca200000, 0x00000000ca200000| Untracked 
| 163|0x00000000ca300000, 0x00000000ca300000, 0x00000000ca400000|  0%| F|  |TAMS 0x00000000ca300000, 0x00000000ca300000| Untracked 
| 164|0x00000000ca400000, 0x00000000ca400000, 0x00000000ca500000|  0%| F|  |TAMS 0x00000000ca400000, 0x00000000ca400000| Untracked 
| 165|0x00000000ca500000, 0x00000000ca500000, 0x00000000ca600000|  0%| F|  |TAMS 0x00000000ca500000, 0x00000000ca500000| Untracked 
| 166|0x00000000ca600000, 0x00000000ca600000, 0x00000000ca700000|  0%| F|  |TAMS 0x00000000ca600000, 0x00000000ca600000| Untracked 
| 167|0x00000000ca700000, 0x00000000ca700000, 0x00000000ca800000|  0%| F|  |TAMS 0x00000000ca700000, 0x00000000ca700000| Untracked 
| 168|0x00000000ca800000, 0x00000000ca800000, 0x00000000ca900000|  0%| F|  |TAMS 0x00000000ca800000, 0x00000000ca800000| Untracked 
| 169|0x00000000ca900000, 0x00000000ca900000, 0x00000000caa00000|  0%| F|  |TAMS 0x00000000ca900000, 0x00000000ca900000| Untracked 
| 170|0x00000000caa00000, 0x00000000caa00000, 0x00000000cab00000|  0%| F|  |TAMS 0x00000000caa00000, 0x00000000caa00000| Untracked 
| 171|0x00000000cab00000, 0x00000000cab00000, 0x00000000cac00000|  0%| F|  |TAMS 0x00000000cab00000, 0x00000000cab00000| Untracked 
| 172|0x00000000cac00000, 0x00000000cac00000, 0x00000000cad00000|  0%| F|  |TAMS 0x00000000cac00000, 0x00000000cac00000| Untracked 
| 173|0x00000000cad00000, 0x00000000cad00000, 0x00000000cae00000|  0%| F|  |TAMS 0x00000000cad00000, 0x00000000cad00000| Untracked 
| 174|0x00000000cae00000, 0x00000000cae00000, 0x00000000caf00000|  0%| F|  |TAMS 0x00000000cae00000, 0x00000000cae00000| Untracked 
| 175|0x00000000caf00000, 0x00000000caf00000, 0x00000000cb000000|  0%| F|  |TAMS 0x00000000caf00000, 0x00000000caf00000| Untracked 
| 176|0x00000000cb000000, 0x00000000cb000000, 0x00000000cb100000|  0%| F|  |TAMS 0x00000000cb000000, 0x00000000cb000000| Untracked 
| 177|0x00000000cb100000, 0x00000000cb100000, 0x00000000cb200000|  0%| F|  |TAMS 0x00000000cb100000, 0x00000000cb100000| Untracked 
| 178|0x00000000cb200000, 0x00000000cb200000, 0x00000000cb300000|  0%| F|  |TAMS 0x00000000cb200000, 0x00000000cb200000| Untracked 
| 179|0x00000000cb300000, 0x00000000cb300000, 0x00000000cb400000|  0%| F|  |TAMS 0x00000000cb300000, 0x00000000cb300000| Untracked 
| 180|0x00000000cb400000, 0x00000000cb400000, 0x00000000cb500000|  0%| F|  |TAMS 0x00000000cb400000, 0x00000000cb400000| Untracked 
| 181|0x00000000cb500000, 0x00000000cb500000, 0x00000000cb600000|  0%| F|  |TAMS 0x00000000cb500000, 0x00000000cb500000| Untracked 
| 182|0x00000000cb600000, 0x00000000cb600000, 0x00000000cb700000|  0%| F|  |TAMS 0x00000000cb600000, 0x00000000cb600000| Untracked 
| 183|0x00000000cb700000, 0x00000000cb700000, 0x00000000cb800000|  0%| F|  |TAMS 0x00000000cb700000, 0x00000000cb700000| Untracked 
| 184|0x00000000cb800000, 0x00000000cb800000, 0x00000000cb900000|  0%| F|  |TAMS 0x00000000cb800000, 0x00000000cb800000| Untracked 
| 185|0x00000000cb900000, 0x00000000cb900000, 0x00000000cba00000|  0%| F|  |TAMS 0x00000000cb900000, 0x00000000cb900000| Untracked 
| 186|0x00000000cba00000, 0x00000000cba00000, 0x00000000cbb00000|  0%| F|  |TAMS 0x00000000cba00000, 0x00000000cba00000| Untracked 
| 187|0x00000000cbb00000, 0x00000000cbb00000, 0x00000000cbc00000|  0%| F|  |TAMS 0x00000000cbb00000, 0x00000000cbb00000| Untracked 
| 188|0x00000000cbc00000, 0x00000000cbc00000, 0x00000000cbd00000|  0%| F|  |TAMS 0x00000000cbc00000, 0x00000000cbc00000| Untracked 
| 189|0x00000000cbd00000, 0x00000000cbd00000, 0x00000000cbe00000|  0%| F|  |TAMS 0x00000000cbd00000, 0x00000000cbd00000| Untracked 
| 190|0x00000000cbe00000, 0x00000000cbe00000, 0x00000000cbf00000|  0%| F|  |TAMS 0x00000000cbe00000, 0x00000000cbe00000| Untracked 
| 191|0x00000000cbf00000, 0x00000000cbf00000, 0x00000000cc000000|  0%| F|  |TAMS 0x00000000cbf00000, 0x00000000cbf00000| Untracked 
| 192|0x00000000cc000000, 0x00000000cc000000, 0x00000000cc100000|  0%| F|  |TAMS 0x00000000cc000000, 0x00000000cc000000| Untracked 
| 193|0x00000000cc100000, 0x00000000cc100000, 0x00000000cc200000|  0%| F|  |TAMS 0x00000000cc100000, 0x00000000cc100000| Untracked 
| 194|0x00000000cc200000, 0x00000000cc200000, 0x00000000cc300000|  0%| F|  |TAMS 0x00000000cc200000, 0x00000000cc200000| Untracked 
| 195|0x00000000cc300000, 0x00000000cc300000, 0x00000000cc400000|  0%| F|  |TAMS 0x00000000cc300000, 0x00000000cc300000| Untracked 
| 196|0x00000000cc400000, 0x00000000cc400000, 0x00000000cc500000|  0%| F|  |TAMS 0x00000000cc400000, 0x00000000cc400000| Untracked 
| 197|0x00000000cc500000, 0x00000000cc500000, 0x00000000cc600000|  0%| F|  |TAMS 0x00000000cc500000, 0x00000000cc500000| Untracked 
| 198|0x00000000cc600000, 0x00000000cc600000, 0x00000000cc700000|  0%| F|  |TAMS 0x00000000cc600000, 0x00000000cc600000| Untracked 
| 199|0x00000000cc700000, 0x00000000cc700000, 0x00000000cc800000|  0%| F|  |TAMS 0x00000000cc700000, 0x00000000cc700000| Untracked 
| 200|0x00000000cc800000, 0x00000000cc800000, 0x00000000cc900000|  0%| F|  |TAMS 0x00000000cc800000, 0x00000000cc800000| Untracked 
| 201|0x00000000cc900000, 0x00000000cc900000, 0x00000000cca00000|  0%| F|  |TAMS 0x00000000cc900000, 0x00000000cc900000| Untracked 
| 202|0x00000000cca00000, 0x00000000cca00000, 0x00000000ccb00000|  0%| F|  |TAMS 0x00000000cca00000, 0x00000000cca00000| Untracked 
| 203|0x00000000ccb00000, 0x00000000ccb00000, 0x00000000ccc00000|  0%| F|  |TAMS 0x00000000ccb00000, 0x00000000ccb00000| Untracked 
| 204|0x00000000ccc00000, 0x00000000ccc00000, 0x00000000ccd00000|  0%| F|  |TAMS 0x00000000ccc00000, 0x00000000ccc00000| Untracked 
| 205|0x00000000ccd00000, 0x00000000ccd00000, 0x00000000cce00000|  0%| F|  |TAMS 0x00000000ccd00000, 0x00000000ccd00000| Untracked 
| 206|0x00000000cce00000, 0x00000000cce00000, 0x00000000ccf00000|  0%| F|  |TAMS 0x00000000cce00000, 0x00000000cce00000| Untracked 
| 207|0x00000000ccf00000, 0x00000000ccf00000, 0x00000000cd000000|  0%| F|  |TAMS 0x00000000ccf00000, 0x00000000ccf00000| Untracked 
| 208|0x00000000cd000000, 0x00000000cd000000, 0x00000000cd100000|  0%| F|  |TAMS 0x00000000cd000000, 0x00000000cd000000| Untracked 
| 209|0x00000000cd100000, 0x00000000cd100000, 0x00000000cd200000|  0%| F|  |TAMS 0x00000000cd100000, 0x00000000cd100000| Untracked 
| 210|0x00000000cd200000, 0x00000000cd200000, 0x00000000cd300000|  0%| F|  |TAMS 0x00000000cd200000, 0x00000000cd200000| Untracked 
| 211|0x00000000cd300000, 0x00000000cd300000, 0x00000000cd400000|  0%| F|  |TAMS 0x00000000cd300000, 0x00000000cd300000| Untracked 
| 212|0x00000000cd400000, 0x00000000cd400000, 0x00000000cd500000|  0%| F|  |TAMS 0x00000000cd400000, 0x00000000cd400000| Untracked 
| 213|0x00000000cd500000, 0x00000000cd500000, 0x00000000cd600000|  0%| F|  |TAMS 0x00000000cd500000, 0x00000000cd500000| Untracked 
| 214|0x00000000cd600000, 0x00000000cd600000, 0x00000000cd700000|  0%| F|  |TAMS 0x00000000cd600000, 0x00000000cd600000| Untracked 
| 215|0x00000000cd700000, 0x00000000cd700000, 0x00000000cd800000|  0%| F|  |TAMS 0x00000000cd700000, 0x00000000cd700000| Untracked 
| 216|0x00000000cd800000, 0x00000000cd800000, 0x00000000cd900000|  0%| F|  |TAMS 0x00000000cd800000, 0x00000000cd800000| Untracked 
| 217|0x00000000cd900000, 0x00000000cd900000, 0x00000000cda00000|  0%| F|  |TAMS 0x00000000cd900000, 0x00000000cd900000| Untracked 
| 218|0x00000000cda00000, 0x00000000cda00000, 0x00000000cdb00000|  0%| F|  |TAMS 0x00000000cda00000, 0x00000000cda00000| Untracked 
| 219|0x00000000cdb00000, 0x00000000cdb00000, 0x00000000cdc00000|  0%| F|  |TAMS 0x00000000cdb00000, 0x00000000cdb00000| Untracked 
| 220|0x00000000cdc00000, 0x00000000cdc00000, 0x00000000cdd00000|  0%| F|  |TAMS 0x00000000cdc00000, 0x00000000cdc00000| Untracked 
| 221|0x00000000cdd00000, 0x00000000cdd00000, 0x00000000cde00000|  0%| F|  |TAMS 0x00000000cdd00000, 0x00000000cdd00000| Untracked 
| 222|0x00000000cde00000, 0x00000000cde00000, 0x00000000cdf00000|  0%| F|  |TAMS 0x00000000cde00000, 0x00000000cde00000| Untracked 
| 223|0x00000000cdf00000, 0x00000000cdf00000, 0x00000000ce000000|  0%| F|  |TAMS 0x00000000cdf00000, 0x00000000cdf00000| Untracked 
| 224|0x00000000ce000000, 0x00000000ce000000, 0x00000000ce100000|  0%| F|  |TAMS 0x00000000ce000000, 0x00000000ce000000| Untracked 
| 225|0x00000000ce100000, 0x00000000ce100000, 0x00000000ce200000|  0%| F|  |TAMS 0x00000000ce100000, 0x00000000ce100000| Untracked 
| 226|0x00000000ce200000, 0x00000000ce200000, 0x00000000ce300000|  0%| F|  |TAMS 0x00000000ce200000, 0x00000000ce200000| Untracked 
| 227|0x00000000ce300000, 0x00000000ce300000, 0x00000000ce400000|  0%| F|  |TAMS 0x00000000ce300000, 0x00000000ce300000| Untracked 
| 228|0x00000000ce400000, 0x00000000ce400000, 0x00000000ce500000|  0%| F|  |TAMS 0x00000000ce400000, 0x00000000ce400000| Untracked 
| 229|0x00000000ce500000, 0x00000000ce500000, 0x00000000ce600000|  0%| F|  |TAMS 0x00000000ce500000, 0x00000000ce500000| Untracked 
| 230|0x00000000ce600000, 0x00000000ce600000, 0x00000000ce700000|  0%| F|  |TAMS 0x00000000ce600000, 0x00000000ce600000| Untracked 
| 231|0x00000000ce700000, 0x00000000ce700000, 0x00000000ce800000|  0%| F|  |TAMS 0x00000000ce700000, 0x00000000ce700000| Untracked 
| 232|0x00000000ce800000, 0x00000000ce800000, 0x00000000ce900000|  0%| F|  |TAMS 0x00000000ce800000, 0x00000000ce800000| Untracked 
| 233|0x00000000ce900000, 0x00000000ce900000, 0x00000000cea00000|  0%| F|  |TAMS 0x00000000ce900000, 0x00000000ce900000| Untracked 
| 234|0x00000000cea00000, 0x00000000cea00000, 0x00000000ceb00000|  0%| F|  |TAMS 0x00000000cea00000, 0x00000000cea00000| Untracked 
| 235|0x00000000ceb00000, 0x00000000ceb00000, 0x00000000cec00000|  0%| F|  |TAMS 0x00000000ceb00000, 0x00000000ceb00000| Untracked 
| 236|0x00000000cec00000, 0x00000000cec00000, 0x00000000ced00000|  0%| F|  |TAMS 0x00000000cec00000, 0x00000000cec00000| Untracked 
| 237|0x00000000ced00000, 0x00000000ced00000, 0x00000000cee00000|  0%| F|  |TAMS 0x00000000ced00000, 0x00000000ced00000| Untracked 
| 238|0x00000000cee00000, 0x00000000cee00000, 0x00000000cef00000|  0%| F|  |TAMS 0x00000000cee00000, 0x00000000cee00000| Untracked 
| 239|0x00000000cef00000, 0x00000000cef00000, 0x00000000cf000000|  0%| F|  |TAMS 0x00000000cef00000, 0x00000000cef00000| Untracked 
| 240|0x00000000cf000000, 0x00000000cf000000, 0x00000000cf100000|  0%| F|  |TAMS 0x00000000cf000000, 0x00000000cf000000| Untracked 
| 241|0x00000000cf100000, 0x00000000cf100000, 0x00000000cf200000|  0%| F|  |TAMS 0x00000000cf100000, 0x00000000cf100000| Untracked 
| 242|0x00000000cf200000, 0x00000000cf200000, 0x00000000cf300000|  0%| F|  |TAMS 0x00000000cf200000, 0x00000000cf200000| Untracked 
| 243|0x00000000cf300000, 0x00000000cf300000, 0x00000000cf400000|  0%| F|  |TAMS 0x00000000cf300000, 0x00000000cf300000| Untracked 
| 244|0x00000000cf400000, 0x00000000cf400000, 0x00000000cf500000|  0%| F|  |TAMS 0x00000000cf400000, 0x00000000cf400000| Untracked 
| 245|0x00000000cf500000, 0x00000000cf500000, 0x00000000cf600000|  0%| F|  |TAMS 0x00000000cf500000, 0x00000000cf500000| Untracked 
| 246|0x00000000cf600000, 0x00000000cf600000, 0x00000000cf700000|  0%| F|  |TAMS 0x00000000cf600000, 0x00000000cf600000| Untracked 
| 247|0x00000000cf700000, 0x00000000cf700000, 0x00000000cf800000|  0%| F|  |TAMS 0x00000000cf700000, 0x00000000cf700000| Untracked 
| 248|0x00000000cf800000, 0x00000000cf800000, 0x00000000cf900000|  0%| F|  |TAMS 0x00000000cf800000, 0x00000000cf800000| Untracked 
| 249|0x00000000cf900000, 0x00000000cf900000, 0x00000000cfa00000|  0%| F|  |TAMS 0x00000000cf900000, 0x00000000cf900000| Untracked 
| 250|0x00000000cfa00000, 0x00000000cfa00000, 0x00000000cfb00000|  0%| F|  |TAMS 0x00000000cfa00000, 0x00000000cfa00000| Untracked 
| 251|0x00000000cfb00000, 0x00000000cfb00000, 0x00000000cfc00000|  0%| F|  |TAMS 0x00000000cfb00000, 0x00000000cfb00000| Untracked 
| 252|0x00000000cfc00000, 0x00000000cfc00000, 0x00000000cfd00000|  0%| F|  |TAMS 0x00000000cfc00000, 0x00000000cfc00000| Untracked 
| 253|0x00000000cfd00000, 0x00000000cfd00000, 0x00000000cfe00000|  0%| F|  |TAMS 0x00000000cfd00000, 0x00000000cfd00000| Untracked 
| 254|0x00000000cfe00000, 0x00000000cfe00000, 0x00000000cff00000|  0%| F|  |TAMS 0x00000000cfe00000, 0x00000000cfe00000| Untracked 
| 255|0x00000000cff00000, 0x00000000cff00000, 0x00000000d0000000|  0%| F|  |TAMS 0x00000000cff00000, 0x00000000cff00000| Untracked 
| 256|0x00000000d0000000, 0x00000000d0000000, 0x00000000d0100000|  0%| F|  |TAMS 0x00000000d0000000, 0x00000000d0000000| Untracked 
| 257|0x00000000d0100000, 0x00000000d0100000, 0x00000000d0200000|  0%| F|  |TAMS 0x00000000d0100000, 0x00000000d0100000| Untracked 
| 258|0x00000000d0200000, 0x00000000d0200000, 0x00000000d0300000|  0%| F|  |TAMS 0x00000000d0200000, 0x00000000d0200000| Untracked 
| 259|0x00000000d0300000, 0x00000000d0300000, 0x00000000d0400000|  0%| F|  |TAMS 0x00000000d0300000, 0x00000000d0300000| Untracked 
| 260|0x00000000d0400000, 0x00000000d0400000, 0x00000000d0500000|  0%| F|  |TAMS 0x00000000d0400000, 0x00000000d0400000| Untracked 
| 261|0x00000000d0500000, 0x00000000d0500000, 0x00000000d0600000|  0%| F|  |TAMS 0x00000000d0500000, 0x00000000d0500000| Untracked 
| 262|0x00000000d0600000, 0x00000000d0600000, 0x00000000d0700000|  0%| F|  |TAMS 0x00000000d0600000, 0x00000000d0600000| Untracked 
| 263|0x00000000d0700000, 0x00000000d0700000, 0x00000000d0800000|  0%| F|  |TAMS 0x00000000d0700000, 0x00000000d0700000| Untracked 
| 264|0x00000000d0800000, 0x00000000d08312d0, 0x00000000d0900000| 19%| E|  |TAMS 0x00000000d0800000, 0x00000000d0800000| Complete 
| 265|0x00000000d0900000, 0x00000000d0a00000, 0x00000000d0a00000|100%| E|CS|TAMS 0x00000000d0900000, 0x00000000d0900000| Complete 
| 266|0x00000000d0a00000, 0x00000000d0b00000, 0x00000000d0b00000|100%| E|CS|TAMS 0x00000000d0a00000, 0x00000000d0a00000| Complete 
| 267|0x00000000d0b00000, 0x00000000d0c00000, 0x00000000d0c00000|100%| E|CS|TAMS 0x00000000d0b00000, 0x00000000d0b00000| Complete 
| 268|0x00000000d0c00000, 0x00000000d0d00000, 0x00000000d0d00000|100%| E|CS|TAMS 0x00000000d0c00000, 0x00000000d0c00000| Complete 
| 269|0x00000000d0d00000, 0x00000000d0e00000, 0x00000000d0e00000|100%| E|CS|TAMS 0x00000000d0d00000, 0x00000000d0d00000| Complete 
| 270|0x00000000d0e00000, 0x00000000d0f00000, 0x00000000d0f00000|100%| E|CS|TAMS 0x00000000d0e00000, 0x00000000d0e00000| Complete 
| 282|0x00000000d1a00000, 0x00000000d1b00000, 0x00000000d1b00000|100%| O|  |TAMS 0x00000000d1b00000, 0x00000000d1a00000| Untracked 
| 292|0x00000000d2400000, 0x00000000d2500000, 0x00000000d2500000|100%| O|  |TAMS 0x00000000d2500000, 0x00000000d2400000| Untracked 
| 294|0x00000000d2600000, 0x00000000d2700000, 0x00000000d2700000|100%| O|  |TAMS 0x00000000d2700000, 0x00000000d2600000| Untracked 
| 295|0x00000000d2700000, 0x00000000d2800000, 0x00000000d2800000|100%| O|  |TAMS 0x00000000d2800000, 0x00000000d2700000| Untracked 
| 296|0x00000000d2800000, 0x00000000d2900000, 0x00000000d2900000|100%| O|  |TAMS 0x00000000d2900000, 0x00000000d2800000| Untracked 
| 298|0x00000000d2a00000, 0x00000000d2b00000, 0x00000000d2b00000|100%| O|  |TAMS 0x00000000d2b00000, 0x00000000d2a00000| Untracked 

Card table byte_map: [0x000001a513fb0000,0x000001a5141b0000] _byte_map_base: 0x000001a5139b0000

Marking Bits (Prev, Next): (CMBitMap*) 0x000001a50de25770, (CMBitMap*) 0x000001a50de25730
 Prev Bits: [0x000001a5153b0000, 0x000001a5163b0000)
 Next Bits: [0x000001a5143b0000, 0x000001a5153b0000)

Polling page: 0x000001a50bbb0000

Metaspace:

Usage:
  Non-class:     58.50 MB used.
      Class:      9.16 MB used.
       Both:     67.66 MB used.

Virtual space:
  Non-class space:       64.00 MB reserved,      58.94 MB ( 92%) committed,  8 nodes.
      Class space:        1.00 GB reserved,       9.44 MB ( <1%) committed,  1 nodes.
             Both:        1.06 GB reserved,      68.38 MB (  6%) committed. 

Chunk freelists:
   Non-Class:  990.00 KB
       Class:  2.55 MB
        Both:  3.51 MB

MaxMetaspaceSize: unlimited
CompressedClassSpaceSize: 1.00 GB
Initial GC threshold: 21.00 MB
Current GC threshold: 114.00 MB
CDS: off
MetaspaceReclaimPolicy: balanced
 - commit_granule_bytes: 65536.
 - commit_granule_words: 8192.
 - virtual_space_node_default_size: 1048576.
 - enlarge_chunks_in_place: 1.
 - new_chunks_are_fully_committed: 0.
 - uncommit_free_chunks: 1.
 - use_allocation_guard: 0.
 - handle_deallocations: 1.


Internal statistics:

num_allocs_failed_limit: 11.
num_arena_births: 686.
num_arena_deaths: 206.
num_vsnodes_births: 9.
num_vsnodes_deaths: 0.
num_space_committed: 1094.
num_space_uncommitted: 0.
num_chunks_returned_to_freelist: 250.
num_chunks_taken_from_freelist: 2925.
num_chunk_merges: 79.
num_chunk_splits: 2078.
num_chunks_enlarged: 1589.
num_purges: 8.
num_inconsistent_stats: 0.

CodeCache: size=49152Kb used=17215Kb max_used=18208Kb free=31936Kb
 bounds [0x000001a510a70000, 0x000001a511c40000, 0x000001a513a70000]
 total_blobs=10245 nmethods=9554 adapters=618
 compilation: enabled
              stopped_count=0, restarted_count=0
 full_count=0

Compilation events (20 events):
Event: 693.149 Thread 0x000001a519c47110 9715       1       org.eclipse.jdt.core.dom.SimpleType::getNodeType0 (3 bytes)
Event: 693.149 Thread 0x000001a519c47110 nmethod 9715 0x000001a510bf7c10 code [0x000001a510bf7da0, 0x000001a510bf7e78]
Event: 693.149 Thread 0x000001a519c47110 9716       1       org.springframework.ide.vscode.boot.java.handlers.EnhancedSymbolInformation::getAdditionalInformation (5 bytes)
Event: 693.149 Thread 0x000001a519c47110 nmethod 9716 0x000001a510bf7910 code [0x000001a510bf7aa0, 0x000001a510bf7b78]
Event: 693.149 Thread 0x000001a519c47110 9717   !   1       org.eclipse.jdt.core.dom.VariableDeclaration::getName (62 bytes)
Event: 693.150 Thread 0x000001a519c47110 nmethod 9717 0x000001a510bf6d10 code [0x000001a510bf6f00, 0x000001a510bf7578]
Event: 693.150 Thread 0x000001a519c47110 9718       1       org.eclipse.jdt.core.dom.ASTVisitor::visit (2 bytes)
Event: 693.150 Thread 0x000001a519c47110 nmethod 9718 0x000001a510bf6a10 code [0x000001a510bf6ba0, 0x000001a510bf6c78]
Event: 693.150 Thread 0x000001a519c47110 9719       1       java.util.concurrent.CompletableFuture::completeValue (20 bytes)
Event: 693.150 Thread 0x000001a519c47110 nmethod 9719 0x000001a510bf6310 code [0x000001a510bf64e0, 0x000001a510bf6858]
Event: 693.150 Thread 0x000001a519c47110 9720       1       java.util.concurrent.CompletableFuture$UniCompletion::claim (34 bytes)
Event: 693.150 Thread 0x000001a519c47110 nmethod 9720 0x000001a510bf5c90 code [0x000001a510bf5e60, 0x000001a510bf6168]
Event: 693.150 Thread 0x000001a519c47110 9721       1       java.util.concurrent.ForkJoinTask::compareAndSetForkJoinTaskTag (33 bytes)
Event: 693.150 Thread 0x000001a519c47110 nmethod 9721 0x000001a510bf5690 code [0x000001a510bf5840, 0x000001a510bf5ad8]
Event: 693.151 Thread 0x000001a519c47110 9722       1       java.util.concurrent.ForkJoinTask::casStatus (10 bytes)
Event: 693.151 Thread 0x000001a519c47110 nmethod 9722 0x000001a510bf5190 code [0x000001a510bf5340, 0x000001a510bf5538]
Event: 705.434 Thread 0x000001a519c47110 9723       1       java.util.concurrent.locks.AbstractQueuedSynchronizer$ConditionObject::unlinkCancelledWaiters (91 bytes)
Event: 705.434 Thread 0x000001a519c47110 nmethod 9723 0x000001a510bf4c10 code [0x000001a510bf4dc0, 0x000001a510bf5058]
Event: 715.427 Thread 0x000001a519c47110 9724       1       java.util.concurrent.ConcurrentLinkedDeque::first (65 bytes)
Event: 715.428 Thread 0x000001a519c47110 nmethod 9724 0x000001a510bf4210 code [0x000001a510bf4400, 0x000001a510bf48f8]

GC Heap History (20 events):
Event: 601.822 GC heap before
{Heap before GC invocations=81 (full 42):
 garbage-first heap   total 283648K, used 84263K [0x00000000c0000000, 0x0000000100000000)
  region size 1024K, 1 young (1024K), 0 survivors (0K)
 Metaspace       used 69281K, committed 70016K, reserved 1114112K
  class space    used 9374K, committed 9664K, reserved 1048576K
}
Event: 601.857 GC heap after
{Heap after GC invocations=82 (full 43):
 garbage-first heap   total 283648K, used 84263K [0x00000000c0000000, 0x0000000100000000)
  region size 1024K, 0 young (0K), 0 survivors (0K)
 Metaspace       used 69281K, committed 70016K, reserved 1114112K
  class space    used 9374K, committed 9664K, reserved 1048576K
}
Event: 611.972 GC heap before
{Heap before GC invocations=82 (full 43):
 garbage-first heap   total 283648K, used 84263K [0x00000000c0000000, 0x0000000100000000)
  region size 1024K, 1 young (1024K), 0 survivors (0K)
 Metaspace       used 69281K, committed 70016K, reserved 1114112K
  class space    used 9374K, committed 9664K, reserved 1048576K
}
Event: 612.009 GC heap after
{Heap after GC invocations=83 (full 44):
 garbage-first heap   total 283648K, used 84263K [0x00000000c0000000, 0x0000000100000000)
  region size 1024K, 0 young (0K), 0 survivors (0K)
 Metaspace       used 69281K, committed 70016K, reserved 1114112K
  class space    used 9374K, committed 9664K, reserved 1048576K
}
Event: 622.114 GC heap before
{Heap before GC invocations=83 (full 44):
 garbage-first heap   total 283648K, used 84263K [0x00000000c0000000, 0x0000000100000000)
  region size 1024K, 1 young (1024K), 0 survivors (0K)
 Metaspace       used 69281K, committed 70016K, reserved 1114112K
  class space    used 9374K, committed 9664K, reserved 1048576K
}
Event: 622.148 GC heap after
{Heap after GC invocations=84 (full 45):
 garbage-first heap   total 283648K, used 84263K [0x00000000c0000000, 0x0000000100000000)
  region size 1024K, 0 young (0K), 0 survivors (0K)
 Metaspace       used 69281K, committed 70016K, reserved 1114112K
  class space    used 9374K, committed 9664K, reserved 1048576K
}
Event: 632.248 GC heap before
{Heap before GC invocations=84 (full 45):
 garbage-first heap   total 283648K, used 84263K [0x00000000c0000000, 0x0000000100000000)
  region size 1024K, 1 young (1024K), 0 survivors (0K)
 Metaspace       used 69281K, committed 70016K, reserved 1114112K
  class space    used 9374K, committed 9664K, reserved 1048576K
}
Event: 632.283 GC heap after
{Heap after GC invocations=85 (full 46):
 garbage-first heap   total 283648K, used 84263K [0x00000000c0000000, 0x0000000100000000)
  region size 1024K, 0 young (0K), 0 survivors (0K)
 Metaspace       used 69281K, committed 70016K, reserved 1114112K
  class space    used 9374K, committed 9664K, reserved 1048576K
}
Event: 642.383 GC heap before
{Heap before GC invocations=85 (full 46):
 garbage-first heap   total 283648K, used 84263K [0x00000000c0000000, 0x0000000100000000)
  region size 1024K, 1 young (1024K), 0 survivors (0K)
 Metaspace       used 69281K, committed 70016K, reserved 1114112K
  class space    used 9374K, committed 9664K, reserved 1048576K
}
Event: 642.420 GC heap after
{Heap after GC invocations=86 (full 47):
 garbage-first heap   total 283648K, used 84263K [0x00000000c0000000, 0x0000000100000000)
  region size 1024K, 0 young (0K), 0 survivors (0K)
 Metaspace       used 69281K, committed 70016K, reserved 1114112K
  class space    used 9374K, committed 9664K, reserved 1048576K
}
Event: 652.525 GC heap before
{Heap before GC invocations=86 (full 47):
 garbage-first heap   total 283648K, used 84263K [0x00000000c0000000, 0x0000000100000000)
  region size 1024K, 1 young (1024K), 0 survivors (0K)
 Metaspace       used 69281K, committed 70016K, reserved 1114112K
  class space    used 9374K, committed 9664K, reserved 1048576K
}
Event: 652.561 GC heap after
{Heap after GC invocations=87 (full 48):
 garbage-first heap   total 283648K, used 84263K [0x00000000c0000000, 0x0000000100000000)
  region size 1024K, 0 young (0K), 0 survivors (0K)
 Metaspace       used 69281K, committed 70016K, reserved 1114112K
  class space    used 9374K, committed 9664K, reserved 1048576K
}
Event: 662.662 GC heap before
{Heap before GC invocations=87 (full 48):
 garbage-first heap   total 283648K, used 84263K [0x00000000c0000000, 0x0000000100000000)
  region size 1024K, 1 young (1024K), 0 survivors (0K)
 Metaspace       used 69281K, committed 70016K, reserved 1114112K
  class space    used 9374K, committed 9664K, reserved 1048576K
}
Event: 662.699 GC heap after
{Heap after GC invocations=88 (full 49):
 garbage-first heap   total 283648K, used 84263K [0x00000000c0000000, 0x0000000100000000)
  region size 1024K, 0 young (0K), 0 survivors (0K)
 Metaspace       used 69281K, committed 70016K, reserved 1114112K
  class space    used 9374K, committed 9664K, reserved 1048576K
}
Event: 672.810 GC heap before
{Heap before GC invocations=88 (full 49):
 garbage-first heap   total 283648K, used 84263K [0x00000000c0000000, 0x0000000100000000)
  region size 1024K, 1 young (1024K), 0 survivors (0K)
 Metaspace       used 69281K, committed 70016K, reserved 1114112K
  class space    used 9374K, committed 9664K, reserved 1048576K
}
Event: 672.843 GC heap after
{Heap after GC invocations=89 (full 50):
 garbage-first heap   total 283648K, used 83942K [0x00000000c0000000, 0x0000000100000000)
  region size 1024K, 0 young (0K), 0 survivors (0K)
 Metaspace       used 69281K, committed 70016K, reserved 1114112K
  class space    used 9374K, committed 9664K, reserved 1048576K
}
Event: 682.952 GC heap before
{Heap before GC invocations=89 (full 50):
 garbage-first heap   total 283648K, used 83942K [0x00000000c0000000, 0x0000000100000000)
  region size 1024K, 1 young (1024K), 0 survivors (0K)
 Metaspace       used 69281K, committed 70016K, reserved 1114112K
  class space    used 9374K, committed 9664K, reserved 1048576K
}
Event: 682.987 GC heap after
{Heap after GC invocations=90 (full 51):
 garbage-first heap   total 283648K, used 83942K [0x00000000c0000000, 0x0000000100000000)
  region size 1024K, 0 young (0K), 0 survivors (0K)
 Metaspace       used 69281K, committed 70016K, reserved 1114112K
  class space    used 9374K, committed 9664K, reserved 1048576K
}
Event: 693.089 GC heap before
{Heap before GC invocations=90 (full 51):
 garbage-first heap   total 283648K, used 83942K [0x00000000c0000000, 0x0000000100000000)
  region size 1024K, 1 young (1024K), 0 survivors (0K)
 Metaspace       used 69281K, committed 70016K, reserved 1114112K
  class space    used 9374K, committed 9664K, reserved 1048576K
}
Event: 693.125 GC heap after
{Heap after GC invocations=91 (full 52):
 garbage-first heap   total 283648K, used 83942K [0x00000000c0000000, 0x0000000100000000)
  region size 1024K, 0 young (0K), 0 survivors (0K)
 Metaspace       used 69281K, committed 70016K, reserved 1114112K
  class space    used 9374K, committed 9664K, reserved 1048576K
}

Dll operation events (10 events):
Event: 0.008 Loaded shared library c:\Users\mikhael\.vscode\extensions\redhat.java-1.14.0-win32-x64\jre\17.0.5-win32-x86_64\bin\java.dll
Event: 0.383 Loaded shared library C:\Users\mikhael\.vscode\extensions\redhat.java-1.14.0-win32-x64\jre\17.0.5-win32-x86_64\bin\net.dll
Event: 0.387 Loaded shared library C:\Users\mikhael\.vscode\extensions\redhat.java-1.14.0-win32-x64\jre\17.0.5-win32-x86_64\bin\nio.dll
Event: 0.410 Loaded shared library C:\Users\mikhael\.vscode\extensions\redhat.java-1.14.0-win32-x64\jre\17.0.5-win32-x86_64\bin\zip.dll
Event: 0.727 Loaded shared library C:\Users\mikhael\.vscode\extensions\redhat.java-1.14.0-win32-x64\jre\17.0.5-win32-x86_64\bin\jimage.dll
Event: 0.897 Loaded shared library c:\Users\mikhael\.vscode\extensions\redhat.java-1.14.0-win32-x64\jre\17.0.5-win32-x86_64\bin\verify.dll
Event: 5.464 Loaded shared library C:\Users\mikhael\.vscode\extensions\redhat.java-1.14.0-win32-x64\jre\17.0.5-win32-x86_64\bin\management.dll
Event: 5.466 Loaded shared library C:\Users\mikhael\.vscode\extensions\redhat.java-1.14.0-win32-x64\jre\17.0.5-win32-x86_64\bin\management_ext.dll
Event: 7.876 Loaded shared library C:\Users\mikhael\.vscode\extensions\redhat.java-1.14.0-win32-x64\jre\17.0.5-win32-x86_64\bin\sunmscapi.dll
Event: 13.497 Loaded shared library C:\Users\mikhael\AppData\Local\Temp\snappy-1.1.8-70b1bae2-d06e-4477-8773-b875b576daa9-snappyjava.dll

Deoptimization events (20 events):
Event: 12.391 Thread 0x000001a51b1d4550 DEOPT PACKING pc=0x000001a5118433a4 sp=0x000000043e8fe480
Event: 12.391 Thread 0x000001a51b1d4550 DEOPT UNPACKING pc=0x000001a510ac2b43 sp=0x000000043e8fda00 mode 0
Event: 12.392 Thread 0x000001a51b1d4550 DEOPT PACKING pc=0x000001a5119234ac sp=0x000000043e8fe7a0
Event: 12.392 Thread 0x000001a51b1d4550 DEOPT UNPACKING pc=0x000001a510ac2b43 sp=0x000000043e8fdc30 mode 0
Event: 13.397 Thread 0x000001a51b4ab910 DEOPT PACKING pc=0x000001a511b14cec sp=0x000000043fefd3e0
Event: 13.397 Thread 0x000001a51b4ab910 DEOPT UNPACKING pc=0x000001a510ac2b43 sp=0x000000043fefc930 mode 0
Event: 13.397 Thread 0x000001a51b4ab910 DEOPT PACKING pc=0x000001a511b14cec sp=0x000000043fefd710
Event: 13.397 Thread 0x000001a51b4ab910 DEOPT UNPACKING pc=0x000001a510ac2b43 sp=0x000000043fefcc60 mode 0
Event: 13.397 Thread 0x000001a51b4ab910 DEOPT PACKING pc=0x000001a511b14cec sp=0x000000043fefd9e0
Event: 13.397 Thread 0x000001a51b4ab910 DEOPT UNPACKING pc=0x000001a510ac2b43 sp=0x000000043fefcf30 mode 0
Event: 13.397 Thread 0x000001a51b4ab910 DEOPT PACKING pc=0x000001a511b14cec sp=0x000000043fefdd10
Event: 13.397 Thread 0x000001a51b4ab910 DEOPT UNPACKING pc=0x000001a510ac2b43 sp=0x000000043fefd260 mode 0
Event: 13.399 Thread 0x000001a51b4ab910 DEOPT PACKING pc=0x000001a511b14cec sp=0x000000043fefdfd0
Event: 13.399 Thread 0x000001a51b4ab910 DEOPT UNPACKING pc=0x000001a510ac2b43 sp=0x000000043fefd520 mode 0
Event: 76.197 Thread 0x000001a51b1d4550 DEOPT PACKING pc=0x000001a5118a4536 sp=0x000000043e8fc870
Event: 76.197 Thread 0x000001a51b1d4550 DEOPT UNPACKING pc=0x000001a510ac2b43 sp=0x000000043e8fbd68 mode 3
Event: 428.878 Thread 0x000001a51a6551b0 DEOPT PACKING pc=0x000001a51108d354 sp=0x000000043e4ff1f0
Event: 428.878 Thread 0x000001a51a6551b0 DEOPT UNPACKING pc=0x000001a510ac2b43 sp=0x000000043e4fe678 mode 0
Event: 428.896 Thread 0x000001a51dbf7380 DEOPT PACKING pc=0x000001a51187d0a0 sp=0x000000043befd530
Event: 428.896 Thread 0x000001a51dbf7380 DEOPT UNPACKING pc=0x000001a510ac2b43 sp=0x000000043befc9b0 mode 3

Classes unloaded (20 events):
Event: 237.445 Thread 0x000001a519035750 Unloading class 0x0000000100359400 'java/lang/invoke/LambdaForm$MH+0x0000000100359400'
Event: 237.445 Thread 0x000001a519035750 Unloading class 0x0000000100359000 'java/lang/invoke/LambdaForm$MH+0x0000000100359000'
Event: 237.445 Thread 0x000001a519035750 Unloading class 0x00000001000d1c00 'java/lang/invoke/LambdaForm$MH+0x00000001000d1c00'
Event: 237.445 Thread 0x000001a519035750 Unloading class 0x00000001000d1800 'java/lang/invoke/LambdaForm$MH+0x00000001000d1800'
Event: 237.445 Thread 0x000001a519035750 Unloading class 0x00000001000d1400 'java/lang/invoke/LambdaForm$MH+0x00000001000d1400'
Event: 237.445 Thread 0x000001a519035750 Unloading class 0x00000001000d1000 'java/lang/invoke/LambdaForm$MH+0x00000001000d1000'
Event: 237.445 Thread 0x000001a519035750 Unloading class 0x00000001000d0c00 'java/lang/invoke/LambdaForm$MH+0x00000001000d0c00'
Event: 237.445 Thread 0x000001a519035750 Unloading class 0x00000001000d0800 'java/lang/invoke/LambdaForm$MH+0x00000001000d0800'
Event: 237.445 Thread 0x000001a519035750 Unloading class 0x00000001000d0400 'java/lang/invoke/LambdaForm$MH+0x00000001000d0400'
Event: 237.445 Thread 0x000001a519035750 Unloading class 0x00000001000d0000 'java/lang/invoke/LambdaForm$MH+0x00000001000d0000'
Event: 237.445 Thread 0x000001a519035750 Unloading class 0x00000001000cb800 'java/lang/invoke/LambdaForm$MH+0x00000001000cb800'
Event: 237.445 Thread 0x000001a519035750 Unloading class 0x00000001000cb400 'java/lang/invoke/LambdaForm$MH+0x00000001000cb400'
Event: 237.445 Thread 0x000001a519035750 Unloading class 0x00000001000cb000 'java/lang/invoke/LambdaForm$MH+0x00000001000cb000'
Event: 237.445 Thread 0x000001a519035750 Unloading class 0x00000001000cac00 'java/lang/invoke/LambdaForm$MH+0x00000001000cac00'
Event: 237.446 Thread 0x000001a519035750 Unloading class 0x00000001000ca800 'java/lang/invoke/LambdaForm$MH+0x00000001000ca800'
Event: 237.446 Thread 0x000001a519035750 Unloading class 0x00000001000ca400 'java/lang/invoke/LambdaForm$MH+0x00000001000ca400'
Event: 237.446 Thread 0x000001a519035750 Unloading class 0x00000001000c9c00 'java/lang/invoke/LambdaForm$MH+0x00000001000c9c00'
Event: 237.446 Thread 0x000001a519035750 Unloading class 0x00000001000c9400 'java/lang/invoke/LambdaForm$MH+0x00000001000c9400'
Event: 237.446 Thread 0x000001a519035750 Unloading class 0x00000001000c8c00 'java/lang/invoke/LambdaForm$MH+0x00000001000c8c00'
Event: 237.446 Thread 0x000001a519035750 Unloading class 0x00000001000c8400 'java/lang/invoke/LambdaForm$MH+0x00000001000c8400'

Classes redefined (0 events):
No events

Internal exceptions (20 events):
Event: 14.526 Thread 0x000001a51b1d4550 Exception <a 'sun/nio/fs/WindowsException'{0x00000000e0fedde0}> (0x00000000e0fedde0) 
thrown [s\src\hotspot\share\prims\jni.cpp, line 516]
Event: 14.526 Thread 0x000001a51b1d4550 Exception <a 'sun/nio/fs/WindowsException'{0x00000000e0fee160}> (0x00000000e0fee160) 
thrown [s\src\hotspot\share\prims\jni.cpp, line 516]
Event: 14.526 Thread 0x000001a51b1d4550 Exception <a 'sun/nio/fs/WindowsException'{0x00000000e0fef628}> (0x00000000e0fef628) 
thrown [s\src\hotspot\share\prims\jni.cpp, line 516]
Event: 14.526 Thread 0x000001a51b1d4550 Exception <a 'sun/nio/fs/WindowsException'{0x00000000e0fef9c8}> (0x00000000e0fef9c8) 
thrown [s\src\hotspot\share\prims\jni.cpp, line 516]
Event: 14.531 Thread 0x000001a51dbf81f0 Exception <a 'sun/nio/fs/WindowsException'{0x00000000e0b719d0}> (0x00000000e0b719d0) 
thrown [s\src\hotspot\share\prims\jni.cpp, line 516]
Event: 14.531 Thread 0x000001a51dbf81f0 Exception <a 'sun/nio/fs/WindowsException'{0x00000000e0b71d80}> (0x00000000e0b71d80) 
thrown [s\src\hotspot\share\prims\jni.cpp, line 516]
Event: 14.531 Thread 0x000001a51dbf81f0 Exception <a 'sun/nio/fs/WindowsException'{0x00000000e0b737c0}> (0x00000000e0b737c0) 
thrown [s\src\hotspot\share\prims\jni.cpp, line 516]
Event: 14.531 Thread 0x000001a51dbf81f0 Exception <a 'sun/nio/fs/WindowsException'{0x00000000e0b73b80}> (0x00000000e0b73b80) 
thrown [s\src\hotspot\share\prims\jni.cpp, line 516]
Event: 14.531 Thread 0x000001a51dbf81f0 Exception <a 'sun/nio/fs/WindowsException'{0x00000000e0a20548}> (0x00000000e0a20548) 
thrown [s\src\hotspot\share\prims\jni.cpp, line 516]
Event: 14.531 Thread 0x000001a51dbf81f0 Exception <a 'sun/nio/fs/WindowsException'{0x00000000e0a20900}> (0x00000000e0a20900) 
thrown [s\src\hotspot\share\prims\jni.cpp, line 516]
Event: 14.532 Thread 0x000001a51dbf81f0 Exception <a 'sun/nio/fs/WindowsException'{0x00000000e0a22348}> (0x00000000e0a22348) 
thrown [s\src\hotspot\share\prims\jni.cpp, line 516]
Event: 14.532 Thread 0x000001a51dbf81f0 Exception <a 'sun/nio/fs/WindowsException'{0x00000000e0a22720}> (0x00000000e0a22720) 
thrown [s\src\hotspot\share\prims\jni.cpp, line 516]
Event: 14.533 Thread 0x000001a51dbf81f0 Exception <a 'sun/nio/fs/WindowsException'{0x00000000e0a71d90}> (0x00000000e0a71d90) 
thrown [s\src\hotspot\share\prims\jni.cpp, line 516]
Event: 14.533 Thread 0x000001a51dbf81f0 Exception <a 'sun/nio/fs/WindowsException'{0x00000000e0a720e8}> (0x00000000e0a720e8) 
thrown [s\src\hotspot\share\prims\jni.cpp, line 516]
Event: 14.533 Thread 0x000001a51dbf81f0 Exception <a 'sun/nio/fs/WindowsException'{0x00000000e0a73ad0}> (0x00000000e0a73ad0) 
thrown [s\src\hotspot\share\prims\jni.cpp, line 516]
Event: 14.533 Thread 0x000001a51dbf81f0 Exception <a 'sun/nio/fs/WindowsException'{0x00000000e0a73e48}> (0x00000000e0a73e48) 
thrown [s\src\hotspot\share\prims\jni.cpp, line 516]
Event: 76.197 Thread 0x000001a51b1d4550 Implicit null exception at 0x000001a5118a39e2 to 0x000001a5118a4531
Event: 115.537 Thread 0x000001a51b20f710 Exception <a 'java/lang/NoSuchMethodError'{0x00000000dedbe7c0}: 'void java.lang.invoke.DirectMethodHandle$Holder.invokeStatic(java.lang.Object, long)'> (0x00000000dedbe7c0) 
thrown [s\src\hotspot\share\interpreter\linkResolver.cpp, line 759]
Event: 115.538 Thread 0x000001a51b20f710 Exception <a 'java/lang/NoSuchMethodError'{0x00000000dedc3b70}: 'java.lang.Object java.lang.invoke.DirectMethodHandle$Holder.newInvokeSpecial(java.lang.Object, long)'> (0x00000000dedc3b70) 
thrown [s\src\hotspot\share\interpreter\linkResolver.cpp, line 759]
Event: 428.896 Thread 0x000001a51dbf7380 Implicit null exception at 0x000001a51187ce5a to 0x000001a51187d09b

VM Operations (20 events):
Event: 612.009 Executing VM operation: G1CollectFull done
Event: 622.114 Executing VM operation: G1CollectFull
Event: 622.148 Executing VM operation: G1CollectFull done
Event: 632.248 Executing VM operation: G1CollectFull
Event: 632.283 Executing VM operation: G1CollectFull done
Event: 642.383 Executing VM operation: G1CollectFull
Event: 642.420 Executing VM operation: G1CollectFull done
Event: 652.525 Executing VM operation: G1CollectFull
Event: 652.561 Executing VM operation: G1CollectFull done
Event: 662.662 Executing VM operation: G1CollectFull
Event: 662.699 Executing VM operation: G1CollectFull done
Event: 672.810 Executing VM operation: G1CollectFull
Event: 672.843 Executing VM operation: G1CollectFull done
Event: 682.952 Executing VM operation: G1CollectFull
Event: 682.987 Executing VM operation: G1CollectFull done
Event: 693.089 Executing VM operation: G1CollectFull
Event: 693.125 Executing VM operation: G1CollectFull done
Event: 694.138 Executing VM operation: Cleanup
Event: 694.138 Executing VM operation: Cleanup done
Event: 723.194 Executing VM operation: G1CollectFull

Events (20 events):
Event: 115.538 loading class java/lang/Process$PipeInputStream
Event: 115.538 loading class java/lang/Process$PipeInputStream done
Event: 115.540 loading class jdk/internal/event/ProcessStartEvent
Event: 115.540 loading class jdk/internal/event/ProcessStartEvent done
Event: 134.561 Thread 0x000001a51dbf9a00 Thread exited: 0x000001a51dbf9a00
Event: 136.217 Thread 0x000001a51b1d4550 Thread exited: 0x000001a51b1d4550
Event: 136.264 Thread 0x000001a51b4abde0 Thread exited: 0x000001a51b4abde0
Event: 194.569 Thread 0x000001a51dbfb210 Thread exited: 0x000001a51dbfb210
Event: 196.225 Thread 0x000001a51dbf9ed0 Thread exited: 0x000001a51dbf9ed0
Event: 256.229 Thread 0x000001a51b4ab910 Thread exited: 0x000001a51b4ab910
Event: 316.237 Thread 0x000001a51dbf7d20 Thread exited: 0x000001a51dbf7d20
Event: 376.249 Thread 0x000001a51dbf9060 Thread exited: 0x000001a51dbf9060
Event: 428.878 Thread 0x000001a51dbf9060 Thread added: 0x000001a51dbf9060
Event: 428.880 Thread 0x000001a51dbf7380 Thread added: 0x000001a51dbf7380
Event: 428.895 Thread 0x000001a51e1b81a0 Thread added: 0x000001a51e1b81a0
Event: 433.916 Thread 0x000001a51e1b81a0 Thread exited: 0x000001a51e1b81a0
Event: 488.901 Thread 0x000001a51dbf7380 Thread exited: 0x000001a51dbf7380
Event: 488.918 Thread 0x000001a51dbf9060 Thread exited: 0x000001a51dbf9060
Event: 693.126 Thread 0x000001a51dbf7380 Thread added: 0x000001a51dbf7380
Event: 693.127 Thread 0x000001a51dbf7850 Thread added: 0x000001a51dbf7850


Dynamic libraries:
0x00007ff661980000 - 0x00007ff66198e000 	c:\Users\mikhael\.vscode\extensions\redhat.java-1.14.0-win32-x64\jre\17.0.5-win32-x86_64\bin\java.exe
0x00007ff8a7010000 - 0x00007ff8a7208000 	C:\Windows\SYSTEM32\ntdll.dll
0x00007ff8a6f10000 - 0x00007ff8a6fcf000 	C:\Windows\System32\KERNEL32.DLL
0x00007ff8a49d0000 - 0x00007ff8a4ca2000 	C:\Windows\System32\KERNELBASE.dll
0x00007ff8a4f50000 - 0x00007ff8a5050000 	C:\Windows\System32\ucrtbase.dll
0x00007ff85ec60000 - 0x00007ff85ec77000 	c:\Users\mikhael\.vscode\extensions\redhat.java-1.14.0-win32-x64\jre\17.0.5-win32-x86_64\bin\jli.dll
0x00007ff85ec80000 - 0x00007ff85ec99000 	c:\Users\mikhael\.vscode\extensions\redhat.java-1.14.0-win32-x64\jre\17.0.5-win32-x86_64\bin\VCRUNTIME140.dll
0x00007ff8a6d60000 - 0x00007ff8a6f01000 	C:\Windows\System32\USER32.dll
0x00007ff8940a0000 - 0x00007ff89433a000 	C:\Windows\WinSxS\amd64_microsoft.windows.common-controls_6595b64144ccf1df_6.0.19041.1110_none_60b5254171f9507e\COMCTL32.dll
0x00007ff8a49a0000 - 0x00007ff8a49c2000 	C:\Windows\System32\win32u.dll
0x00007ff8a5820000 - 0x00007ff8a584b000 	C:\Windows\System32\GDI32.dll
0x00007ff8a5460000 - 0x00007ff8a54fe000 	C:\Windows\System32\msvcrt.dll
0x00007ff8a4e40000 - 0x00007ff8a4f4f000 	C:\Windows\System32\gdi32full.dll
0x00007ff8a4900000 - 0x00007ff8a499d000 	C:\Windows\System32\msvcp_win.dll
0x00007ff8a5360000 - 0x00007ff8a5392000 	C:\Windows\System32\IMM32.DLL
0x00007ff8a1de0000 - 0x00007ff8a1dec000 	c:\Users\mikhael\.vscode\extensions\redhat.java-1.14.0-win32-x64\jre\17.0.5-win32-x86_64\bin\vcruntime140_1.dll
0x00007ff85deb0000 - 0x00007ff85df41000 	c:\Users\mikhael\.vscode\extensions\redhat.java-1.14.0-win32-x64\jre\17.0.5-win32-x86_64\bin\msvcp140.dll
0x00007ff857280000 - 0x00007ff857ec4000 	c:\Users\mikhael\.vscode\extensions\redhat.java-1.14.0-win32-x64\jre\17.0.5-win32-x86_64\bin\server\jvm.dll
0x00007ff8a6430000 - 0x00007ff8a64de000 	C:\Windows\System32\ADVAPI32.dll
0x00007ff8a62e0000 - 0x00007ff8a637c000 	C:\Windows\System32\sechost.dll
0x00007ff8a5590000 - 0x00007ff8a56b5000 	C:\Windows\System32\RPCRT4.dll
0x00007ff89ef30000 - 0x00007ff89ef39000 	C:\Windows\SYSTEM32\WSOCK32.dll
0x00007ff89a6d0000 - 0x00007ff89a6f7000 	C:\Windows\SYSTEM32\WINMM.dll
0x00007ff89d5d0000 - 0x00007ff89d5da000 	C:\Windows\SYSTEM32\VERSION.dll
0x00007ff8a5850000 - 0x00007ff8a58bb000 	C:\Windows\System32\WS2_32.dll
0x00007ff8a2580000 - 0x00007ff8a2592000 	C:\Windows\SYSTEM32\kernel.appcore.dll
0x00007ff887650000 - 0x00007ff88765a000 	c:\Users\mikhael\.vscode\extensions\redhat.java-1.14.0-win32-x64\jre\17.0.5-win32-x86_64\bin\jimage.dll
0x00007ff893040000 - 0x00007ff893224000 	C:\Windows\SYSTEM32\DBGHELP.DLL
0x00007ff8928f0000 - 0x00007ff892925000 	C:\Windows\SYSTEM32\dbgcore.DLL
0x00007ff8a4700000 - 0x00007ff8a4782000 	C:\Windows\System32\bcryptPrimitives.dll
0x00007ff85ec30000 - 0x00007ff85ec55000 	c:\Users\mikhael\.vscode\extensions\redhat.java-1.14.0-win32-x64\jre\17.0.5-win32-x86_64\bin\java.dll
0x00007ff85ec10000 - 0x00007ff85ec28000 	c:\Users\mikhael\.vscode\extensions\redhat.java-1.14.0-win32-x64\jre\17.0.5-win32-x86_64\bin\zip.dll
0x00007ff8a6610000 - 0x00007ff8a6d54000 	C:\Windows\System32\SHELL32.dll
0x00007ff8a2780000 - 0x00007ff8a2f12000 	C:\Windows\SYSTEM32\windows.storage.dll
0x00007ff8a5f20000 - 0x00007ff8a6275000 	C:\Windows\System32\combase.dll
0x00007ff8a4080000 - 0x00007ff8a40b0000 	C:\Windows\SYSTEM32\Wldp.dll
0x00007ff8a53b0000 - 0x00007ff8a545d000 	C:\Windows\System32\SHCORE.dll
0x00007ff8a59f0000 - 0x00007ff8a5a45000 	C:\Windows\System32\shlwapi.dll
0x00007ff8a4640000 - 0x00007ff8a465f000 	C:\Windows\SYSTEM32\profapi.dll
0x00007ff85ebf0000 - 0x00007ff85ec09000 	C:\Users\mikhael\.vscode\extensions\redhat.java-1.14.0-win32-x64\jre\17.0.5-win32-x86_64\bin\net.dll
0x00007ff89ca60000 - 0x00007ff89cb6c000 	C:\Windows\SYSTEM32\WINHTTP.dll
0x00007ff8a3de0000 - 0x00007ff8a3e4a000 	C:\Windows\system32\mswsock.dll
0x00007ff85dfa0000 - 0x00007ff85dfb5000 	C:\Users\mikhael\.vscode\extensions\redhat.java-1.14.0-win32-x64\jre\17.0.5-win32-x86_64\bin\nio.dll
0x00007ff860410000 - 0x00007ff860420000 	c:\Users\mikhael\.vscode\extensions\redhat.java-1.14.0-win32-x64\jre\17.0.5-win32-x86_64\bin\verify.dll
0x00007ff8a3fd0000 - 0x00007ff8a3fe8000 	C:\Windows\SYSTEM32\CRYPTSP.dll
0x00007ff8a36d0000 - 0x00007ff8a3704000 	C:\Windows\system32\rsaenh.dll
0x00007ff8a4cb0000 - 0x00007ff8a4cd7000 	C:\Windows\System32\bcrypt.dll
0x00007ff8a45c0000 - 0x00007ff8a45ee000 	C:\Windows\SYSTEM32\USERENV.dll
0x00007ff8a3ff0000 - 0x00007ff8a3ffc000 	C:\Windows\SYSTEM32\CRYPTBASE.dll
0x00007ff8a3ab0000 - 0x00007ff8a3aeb000 	C:\Windows\SYSTEM32\IPHLPAPI.DLL
0x00007ff8a59e0000 - 0x00007ff8a59e8000 	C:\Windows\System32\NSI.dll
0x00007ff89dc70000 - 0x00007ff89dc87000 	C:\Windows\SYSTEM32\dhcpcsvc6.DLL
0x00007ff89dc50000 - 0x00007ff89dc6d000 	C:\Windows\SYSTEM32\dhcpcsvc.DLL
0x00007ff8a3af0000 - 0x00007ff8a3bba000 	C:\Windows\SYSTEM32\DNSAPI.dll
0x00007ff86c720000 - 0x00007ff86c729000 	C:\Users\mikhael\.vscode\extensions\redhat.java-1.14.0-win32-x64\jre\17.0.5-win32-x86_64\bin\management.dll
0x00007ff86c710000 - 0x00007ff86c71b000 	C:\Users\mikhael\.vscode\extensions\redhat.java-1.14.0-win32-x64\jre\17.0.5-win32-x86_64\bin\management_ext.dll
0x00007ff8a5580000 - 0x00007ff8a5588000 	C:\Windows\System32\PSAPI.DLL
0x00007ff86c730000 - 0x00007ff86c73e000 	C:\Users\mikhael\.vscode\extensions\redhat.java-1.14.0-win32-x64\jre\17.0.5-win32-x86_64\bin\sunmscapi.dll
0x00007ff8a4ce0000 - 0x00007ff8a4e36000 	C:\Windows\System32\CRYPT32.dll
0x00007ff8a40f0000 - 0x00007ff8a4117000 	C:\Windows\SYSTEM32\ncrypt.dll
0x00007ff8a40b0000 - 0x00007ff8a40eb000 	C:\Windows\SYSTEM32\NTASN1.dll
0x00007ff89c590000 - 0x00007ff89c59a000 	C:\Windows\System32\rasadhlp.dll
0x00007ff899d20000 - 0x00007ff899da0000 	C:\Windows\System32\fwpuclnt.dll
0x000000006c500000 - 0x000000006c5c7000 	C:\Users\mikhael\AppData\Local\Temp\snappy-1.1.8-70b1bae2-d06e-4477-8773-b875b576daa9-snappyjava.dll

dbghelp: loaded successfully - version: 4.0.5 - missing functions: none
symbol engine: initialized successfully - sym options: 0x614 - pdb path: .;c:\Users\mikhael\.vscode\extensions\redhat.java-1.14.0-win32-x64\jre\17.0.5-win32-x86_64\bin;C:\Windows\SYSTEM32;C:\Windows\WinSxS\amd64_microsoft.windows.common-controls_6595b64144ccf1df_6.0.19041.1110_none_60b5254171f9507e;c:\Users\mikhael\.vscode\extensions\redhat.java-1.14.0-win32-x64\jre\17.0.5-win32-x86_64\bin\server;C:\Users\mikhael\AppData\Local\Temp

VM Arguments:
jvm_args: -XX:+HeapDumpOnOutOfMemoryError -Xmx1024m -Dsts.lsp.client=vscode -Dsts.log.file=/dev/null -XX:TieredStopAtLevel=1 -Xlog:jni+resolve=off -Dspring.config.location=file:c:\Users\mikhael\.vscode\extensions\vmware.vscode-spring-boot-1.44.0\language-server\BOOT-INF\classes\application.properties 
java_command: org.springframework.ide.vscode.boot.app.BootLanguageServerBootApp
java_class_path (initial): c:\Users\mikhael\.vscode\extensions\vmware.vscode-spring-boot-1.44.0\language-server\BOOT-INF\classes;c:\Users\mikhael\.vscode\extensions\vmware.vscode-spring-boot-1.44.0\language-server\BOOT-INF\lib\annotations-24.0.0.jar;c:\Users\mikhael\.vscode\extensions\vmware.vscode-spring-boot-1.44.0\language-server\BOOT-INF\lib\ant-1.10.13.jar;c:\Users\mikhael\.vscode\extensions\vmware.vscode-spring-boot-1.44.0\language-server\BOOT-INF\lib\ant-launcher-1.10.13.jar;c:\Users\mikhael\.vscode\extensions\vmware.vscode-spring-boot-1.44.0\language-server\BOOT-INF\lib\antlr-runtime-3.5.2.jar;c:\Users\mikhael\.vscode\extensions\vmware.vscode-spring-boot-1.44.0\language-server\BOOT-INF\lib\antlr4-4.9.3.jar;c:\Users\mikhael\.vscode\extensions\vmware.vscode-spring-boot-1.44.0\language-server\BOOT-INF\lib\antlr4-runtime-4.9.3.jar;c:\Users\mikhael\.vscode\extensions\vmware.vscode-spring-boot-1.44.0\language-server\BOOT-INF\lib\apiguardian-api-1.1.2.jar;c:\Users\mikhael\.vscode\extensions\vmware.vscode-spring-boot-1.44.0\language-server\BOOT-INF\lib\asm-9.4.jar;c:\Users\mikhael\.vscode\extensions\vmware.vscode-spring-boot-1.44.0\language-server\BOOT-INF\lib\asm-analysis-9.4.jar;c:\Users\mikhael\.vscode\extensions\vmware.vscode-spring-boot-1.44.0\language-server\BOOT-INF\lib\asm-tree-9.4.jar;c:\Users\mikhael\.vscode\extensions\vmware.vscode-spring-boot-1.44.0\language-server\BOOT-INF\lib\asm-util-9.4.jar;c:\Users\mikhael\.vscode\extensions\vmware.vscode-spring-boot-1.44.0\language-server\BOOT-INF\lib\caffeine-3.1.2.jar;c:\Users\mikhael\.vscode\extensions\vmware.vscode-spring-boot-1.44.0\language-server\BOOT-INF\lib\checker-qual-3.12.0.jar;c:\Users\mikhael\.vscode\extensions\vmware.vscode-spring-boot-1.44.0\language-server\BOOT-INF\lib\ci-environment-9.1.0.jar;c:\Users\mikhael\.vscode\extensions\vmware.vscode-spring-boot-1.44.0\language-server\BOOT-INF\lib\classgraph-4.8.149.jar;c:\Users\mikhael\.vscode\extensions\vmware.vscode-spring-boot-1.44.0\language-server\
Launcher Type: SUN_STANDARD

[Global flags]
     intx CICompilerCount                          = 4                                         {product} {ergonomic}
     uint ConcGCThreads                            = 3                                         {product} {ergonomic}
     uint G1ConcRefinementThreads                  = 10                                        {product} {ergonomic}
   size_t G1HeapRegionSize                         = 1048576                                   {product} {ergonomic}
    uintx GCDrainStackTargetSize                   = 64                                        {product} {ergonomic}
     bool HeapDumpOnOutOfMemoryError               = true                                   {manageable} {command line}
   size_t InitialHeapSize                          = 190840832                                 {product} {ergonomic}
   size_t MarkStackSize                            = 4194304                                   {product} {ergonomic}
   size_t MaxHeapSize                              = 1073741824                                {product} {command line}
   size_t MaxNewSize                               = 643825664                                 {product} {ergonomic}
   size_t MinHeapDeltaBytes                        = 1048576                                   {product} {ergonomic}
   size_t MinHeapSize                              = 8388608                                   {product} {ergonomic}
    uintx NonProfiledCodeHeapSize                  = 0                                      {pd product} {ergonomic}
     bool ProfileInterpreter                       = false                                  {pd product} {command line}
    uintx ProfiledCodeHeapSize                     = 0                                      {pd product} {ergonomic}
   size_t SoftMaxHeapSize                          = 1073741824                             {manageable} {ergonomic}
     intx TieredStopAtLevel                        = 1                                         {product} {command line}
     bool UseCompressedClassPointers               = true                           {product lp64_product} {ergonomic}
     bool UseCompressedOops                        = true                           {product lp64_product} {ergonomic}
     bool UseG1GC                                  = true                                      {product} {ergonomic}
     bool UseLargePagesIndividualAllocation        = false                                  {pd product} {ergonomic}

Logging:
Log output configuration:
 #0: stdout all=warning,jni+resolve=off uptime,level,tags
 #1: stderr all=off uptime,level,tags

Environment Variables:
JAVA_HOME=C:\Program Files\Java\jdk-19
PATH=C:\Program Files\Common Files\Oracle\Java\javapath;C:\Program Files (x86)\Common Files\Oracle\Java\javapath;C:\Windows\system32;C:\Windows;C:\Windows\System32\Wbem;C:\Windows\System32\WindowsPowerShell\v1.0\;C:\Windows\System32\OpenSSH\;C:\Program Files\nodejs\;C:\Program Files\Git\cmd;C:\Program Files\Docker\Docker\resources\bin;C:\Users\mikhael\AppData\Local\Microsoft\WindowsApps;C:\Users\mikhael\AppData\Local\GitHubDesktop\bin;C:\Users\mikhael\AppData\Local\Programs\Microsoft VS Code\bin;C:\Users\mikhael\AppData\Roaming\npm
USERNAME=mikhael
OS=Windows_NT
PROCESSOR_IDENTIFIER=AMD64 Family 23 Model 104 Stepping 1, AuthenticAMD
TMP=C:\Users\mikhael\AppData\Local\Temp
TEMP=C:\Users\mikhael\AppData\Local\Temp



---------------  S Y S T E M  ---------------

OS:
 Windows 10 , 64 bit Build 19041 (10.0.19041.2364)
OS uptime: 0 days 0:15 hours
Hyper-V role detected

CPU: total 12 (initial active 12) (12 cores per cpu, 2 threads per core) family 23 model 104 stepping 1 microcode 0x0, cx8, cmov, fxsr, ht, mmx, 3dnowpref, sse, sse2, sse3, ssse3, sse4a, sse4.1, sse4.2, popcnt, lzcnt, tsc, tscinvbit, avx, avx2, aes, clmul, bmi1, bmi2, adx, sha, fma, vzeroupper, clflush, clflushopt, hv

Memory: 4k page, system-wide physical 11621M (1229M free)
TotalPageFile size 13969M (AvailPageFile size 8M)
current process WorkingSet (physical memory assigned to process): 479M, peak: 876M
current process commit charge ("private bytes"): 484M, peak: 910M

vm_info: OpenJDK 64-Bit Server VM (17.0.5+8) for windows-amd64 JRE (17.0.5+8), built on Oct 19 2022 04:48:13 by "temurin" with MS VC++ 16.7 (VS2019)

END.
